{"/home/innojini/dev/study/src/components/content/Callout.tsx": {"path":"/home/innojini/dev/study/src/components/content/Callout.tsx","statementMap":{"0":{"start":{"line":15,"column":4},"end":{"line":44,"column":null}},"1":{"start":{"line":46,"column":51},"end":{"line":51,"column":null}},"2":{"start":{"line":58,"column":70},"end":{"line":58,"column":null}},"3":{"start":{"line":59,"column":23},"end":{"line":59,"column":null}},"4":{"start":{"line":61,"column":2},"end":{"line":75,"column":null}}},"fnMap":{"0":{"name":"Callout","decl":{"start":{"line":53,"column":16},"end":{"line":53,"column":24}},"loc":{"start":{"line":57,"column":28},"end":{"line":77,"column":null}},"line":57}},"branchMap":{"0":{"loc":{"start":{"line":54,"column":2},"end":{"line":54,"column":null}},"type":"default-arg","locations":[{"start":{"line":54,"column":9},"end":{"line":54,"column":null}}],"line":54},"1":{"loc":{"start":{"line":59,"column":23},"end":{"line":59,"column":null}},"type":"binary-expr","locations":[{"start":{"line":59,"column":23},"end":{"line":59,"column":32}},{"start":{"line":59,"column":32},"end":{"line":59,"column":null}}],"line":59}},"s":{"0":1,"1":1,"2":8,"3":8,"4":8},"f":{"0":8},"b":{"0":[8],"1":[8,7]},"meta":{"lastBranch":2,"lastFunction":1,"lastStatement":5,"seen":{"s:15:4:44:Infinity":0,"s:46:51:51:Infinity":1,"f:53:16:53:24":0,"b:54:9:54:Infinity":0,"s:58:70:58:Infinity":2,"s:59:23:59:Infinity":3,"b:59:23:59:32:59:32:59:Infinity":1,"s:61:2:75:Infinity":4}}}
,"/home/innojini/dev/study/src/components/content/CodeBlock.tsx": {"path":"/home/innojini/dev/study/src/components/content/CodeBlock.tsx","statementMap":{"0":{"start":{"line":21,"column":26},"end":{"line":21,"column":null}},"1":{"start":{"line":23,"column":8},"end":{"line":31,"column":null}},"2":{"start":{"line":24,"column":4},"end":{"line":30,"column":null}},"3":{"start":{"line":25,"column":6},"end":{"line":25,"column":null}},"4":{"start":{"line":26,"column":6},"end":{"line":26,"column":null}},"5":{"start":{"line":27,"column":6},"end":{"line":27,"column":null}},"6":{"start":{"line":27,"column":23},"end":{"line":27,"column":41}},"7":{"start":{"line":33,"column":16},"end":{"line":33,"column":null}},"8":{"start":{"line":35,"column":2},"end":{"line":83,"column":null}},"9":{"start":{"line":51,"column":18},"end":{"line":56,"column":null}}},"fnMap":{"0":{"name":"CodeBlock","decl":{"start":{"line":14,"column":16},"end":{"line":14,"column":26}},"loc":{"start":{"line":20,"column":30},"end":{"line":85,"column":null}},"line":20},"1":{"name":"(anonymous_1)","decl":{"start":{"line":23,"column":33},"end":{"line":23,"column":45}},"loc":{"start":{"line":23,"column":45},"end":{"line":31,"column":5}},"line":23},"2":{"name":"(anonymous_2)","decl":{"start":{"line":27,"column":17},"end":{"line":27,"column":23}},"loc":{"start":{"line":27,"column":23},"end":{"line":27,"column":41}},"line":27},"3":{"name":"(anonymous_3)","decl":{"start":{"line":50,"column":26},"end":{"line":50,"column":27}},"loc":{"start":{"line":51,"column":18},"end":{"line":56,"column":null}},"line":51}},"branchMap":{"0":{"loc":{"start":{"line":16,"column":2},"end":{"line":16,"column":null}},"type":"default-arg","locations":[{"start":{"line":16,"column":13},"end":{"line":16,"column":null}}],"line":16},"1":{"loc":{"start":{"line":18,"column":2},"end":{"line":18,"column":null}},"type":"default-arg","locations":[{"start":{"line":18,"column":20},"end":{"line":18,"column":null}}],"line":18},"2":{"loc":{"start":{"line":19,"column":2},"end":{"line":19,"column":null}},"type":"default-arg","locations":[{"start":{"line":19,"column":19},"end":{"line":19,"column":null}}],"line":19},"3":{"loc":{"start":{"line":37,"column":7},"end":{"line":43,"column":null}},"type":"binary-expr","locations":[{"start":{"line":37,"column":7},"end":{"line":37,"column":null}},{"start":{"line":38,"column":8},"end":{"line":43,"column":null}}],"line":37},"4":{"loc":{"start":{"line":49,"column":13},"end":{"line":58,"column":null}},"type":"cond-expr","locations":[{"start":{"line":50,"column":16},"end":{"line":57,"column":null}},{"start":{"line":58,"column":16},"end":{"line":58,"column":null}}],"line":49},"5":{"loc":{"start":{"line":63,"column":11},"end":{"line":71,"column":null}},"type":"binary-expr","locations":[{"start":{"line":63,"column":11},"end":{"line":63,"column":null}},{"start":{"line":64,"column":12},"end":{"line":71,"column":null}}],"line":63},"6":{"loc":{"start":{"line":77,"column":24},"end":{"line":77,"column":null}},"type":"cond-expr","locations":[{"start":{"line":77,"column":33},"end":{"line":77,"column":41}},{"start":{"line":77,"column":41},"end":{"line":77,"column":null}}],"line":77},"7":{"loc":{"start":{"line":79,"column":13},"end":{"line":79,"column":null}},"type":"cond-expr","locations":[{"start":{"line":79,"column":22},"end":{"line":79,"column":44}},{"start":{"line":79,"column":44},"end":{"line":79,"column":null}}],"line":79}},"s":{"0":11,"1":11,"2":2,"3":2,"4":2,"5":2,"6":0,"7":11,"8":11,"9":2},"f":{"0":11,"1":2,"2":0,"3":2},"b":{"0":[11],"1":[11],"2":[11],"3":[11,1],"4":[1,10],"5":[11,1],"6":[1,10],"7":[1,10]},"meta":{"lastBranch":8,"lastFunction":4,"lastStatement":10,"seen":{"f:14:16:14:26":0,"b:16:13:16:Infinity":0,"b:18:20:18:Infinity":1,"b:19:19:19:Infinity":2,"s:21:26:21:Infinity":0,"s:23:8:31:Infinity":1,"f:23:33:23:45":1,"s:24:4:30:Infinity":2,"s:25:6:25:Infinity":3,"s:26:6:26:Infinity":4,"s:27:6:27:Infinity":5,"f:27:17:27:23":2,"s:27:23:27:41":6,"s:33:16:33:Infinity":7,"s:35:2:83:Infinity":8,"b:37:7:37:Infinity:38:8:43:Infinity":3,"b:50:16:57:Infinity:58:16:58:Infinity":4,"f:50:26:50:27":3,"s:51:18:56:Infinity":9,"b:63:11:63:Infinity:64:12:71:Infinity":5,"b:77:33:77:41:77:41:77:Infinity":6,"b:79:22:79:44:79:44:79:Infinity":7}}}
,"/home/innojini/dev/study/src/components/content/SQLPlayground.tsx": {"path":"/home/innojini/dev/study/src/components/content/SQLPlayground.tsx","statementMap":{"0":{"start":{"line":30,"column":2},"end":{"line":70,"column":null}},"1":{"start":{"line":36,"column":14},"end":{"line":41,"column":null}},"2":{"start":{"line":47,"column":12},"end":{"line":63,"column":null}},"3":{"start":{"line":52,"column":16},"end":{"line":61,"column":null}},"4":{"start":{"line":78,"column":24},"end":{"line":78,"column":null}},"5":{"start":{"line":79,"column":26},"end":{"line":79,"column":null}},"6":{"start":{"line":80,"column":24},"end":{"line":80,"column":null}},"7":{"start":{"line":81,"column":28},"end":{"line":81,"column":null}},"8":{"start":{"line":82,"column":28},"end":{"line":82,"column":null}},"9":{"start":{"line":83,"column":32},"end":{"line":83,"column":null}},"10":{"start":{"line":84,"column":8},"end":{"line":84,"column":null}},"11":{"start":{"line":86,"column":8},"end":{"line":117,"column":null}},"12":{"start":{"line":87,"column":4},"end":{"line":87,"column":null}},"13":{"start":{"line":87,"column":23},"end":{"line":87,"column":null}},"14":{"start":{"line":89,"column":4},"end":{"line":89,"column":null}},"15":{"start":{"line":90,"column":4},"end":{"line":90,"column":null}},"16":{"start":{"line":91,"column":4},"end":{"line":91,"column":null}},"17":{"start":{"line":93,"column":4},"end":{"line":116,"column":null}},"18":{"start":{"line":95,"column":30},"end":{"line":95,"column":null}},"19":{"start":{"line":96,"column":25},"end":{"line":98,"column":null}},"20":{"start":{"line":100,"column":24},"end":{"line":100,"column":null}},"21":{"start":{"line":101,"column":18},"end":{"line":101,"column":null}},"22":{"start":{"line":102,"column":23},"end":{"line":102,"column":null}},"23":{"start":{"line":104,"column":6},"end":{"line":109,"column":null}},"24":{"start":{"line":105,"column":57},"end":{"line":105,"column":63}},"25":{"start":{"line":111,"column":22},"end":{"line":111,"column":null}},"26":{"start":{"line":112,"column":19},"end":{"line":112,"column":null}},"27":{"start":{"line":113,"column":6},"end":{"line":113,"column":null}},"28":{"start":{"line":115,"column":6},"end":{"line":115,"column":null}},"29":{"start":{"line":119,"column":8},"end":{"line":127,"column":null}},"30":{"start":{"line":121,"column":6},"end":{"line":124,"column":null}},"31":{"start":{"line":122,"column":8},"end":{"line":122,"column":null}},"32":{"start":{"line":123,"column":8},"end":{"line":123,"column":null}},"33":{"start":{"line":129,"column":2},"end":{"line":142,"column":null}},"34":{"start":{"line":130,"column":4},"end":{"line":140,"column":null}},"35":{"start":{"line":134,"column":25},"end":{"line":134,"column":null}},"36":{"start":{"line":144,"column":2},"end":{"line":222,"column":null}},"37":{"start":{"line":156,"column":27},"end":{"line":156,"column":null}},"38":{"start":{"line":182,"column":29},"end":{"line":182,"column":null}},"39":{"start":{"line":182,"column":50},"end":{"line":182,"column":55}}},"fnMap":{"0":{"name":"ResultsTable","decl":{"start":{"line":29,"column":9},"end":{"line":29,"column":22}},"loc":{"start":{"line":29,"column":70},"end":{"line":72,"column":null}},"line":29},"1":{"name":"(anonymous_1)","decl":{"start":{"line":35,"column":32},"end":{"line":35,"column":33}},"loc":{"start":{"line":36,"column":14},"end":{"line":41,"column":null}},"line":36},"2":{"name":"(anonymous_2)","decl":{"start":{"line":46,"column":27},"end":{"line":46,"column":28}},"loc":{"start":{"line":47,"column":12},"end":{"line":63,"column":null}},"line":47},"3":{"name":"(anonymous_3)","decl":{"start":{"line":51,"column":34},"end":{"line":51,"column":35}},"loc":{"start":{"line":52,"column":16},"end":{"line":61,"column":null}},"line":52},"4":{"name":"SQLPlayground","decl":{"start":{"line":74,"column":16},"end":{"line":74,"column":30}},"loc":{"start":{"line":77,"column":34},"end":{"line":224,"column":null}},"line":77},"5":{"name":"(anonymous_5)","decl":{"start":{"line":86,"column":32},"end":{"line":86,"column":44}},"loc":{"start":{"line":86,"column":44},"end":{"line":117,"column":5}},"line":86},"6":{"name":"(anonymous_6)","decl":{"start":{"line":105,"column":32},"end":{"line":105,"column":33}},"loc":{"start":{"line":105,"column":57},"end":{"line":105,"column":63}},"line":105},"7":{"name":"(anonymous_7)","decl":{"start":{"line":120,"column":4},"end":{"line":120,"column":5}},"loc":{"start":{"line":120,"column":53},"end":{"line":125,"column":null}},"line":120},"8":{"name":"(anonymous_8)","decl":{"start":{"line":134,"column":19},"end":{"line":134,"column":25}},"loc":{"start":{"line":134,"column":25},"end":{"line":134,"column":null}},"line":134},"9":{"name":"(anonymous_9)","decl":{"start":{"line":156,"column":20},"end":{"line":156,"column":21}},"loc":{"start":{"line":156,"column":27},"end":{"line":156,"column":null}},"line":156},"10":{"name":"(anonymous_10)","decl":{"start":{"line":182,"column":23},"end":{"line":182,"column":29}},"loc":{"start":{"line":182,"column":29},"end":{"line":182,"column":null}},"line":182},"11":{"name":"(anonymous_11)","decl":{"start":{"line":182,"column":40},"end":{"line":182,"column":41}},"loc":{"start":{"line":182,"column":50},"end":{"line":182,"column":55}},"line":182}},"branchMap":{"0":{"loc":{"start":{"line":56,"column":19},"end":{"line":59,"column":null}},"type":"cond-expr","locations":[{"start":{"line":57,"column":20},"end":{"line":57,"column":null}},{"start":{"line":59,"column":20},"end":{"line":59,"column":null}}],"line":56},"1":{"loc":{"start":{"line":75,"column":2},"end":{"line":75,"column":null}},"type":"default-arg","locations":[{"start":{"line":75,"column":17},"end":{"line":75,"column":null}}],"line":75},"2":{"loc":{"start":{"line":87,"column":4},"end":{"line":87,"column":null}},"type":"if","locations":[{"start":{"line":87,"column":4},"end":{"line":87,"column":null}},{"start":{},"end":{}}],"line":87},"3":{"loc":{"start":{"line":96,"column":25},"end":{"line":98,"column":null}},"type":"cond-expr","locations":[{"start":{"line":97,"column":10},"end":{"line":97,"column":null}},{"start":{"line":98,"column":10},"end":{"line":98,"column":null}}],"line":96},"4":{"loc":{"start":{"line":111,"column":22},"end":{"line":111,"column":null}},"type":"cond-expr","locations":[{"start":{"line":111,"column":45},"end":{"line":111,"column":59}},{"start":{"line":111,"column":59},"end":{"line":111,"column":null}}],"line":111},"5":{"loc":{"start":{"line":121,"column":6},"end":{"line":124,"column":null}},"type":"if","locations":[{"start":{"line":121,"column":6},"end":{"line":124,"column":null}},{"start":{},"end":{}}],"line":121},"6":{"loc":{"start":{"line":121,"column":6},"end":{"line":121,"column":57}},"type":"binary-expr","locations":[{"start":{"line":121,"column":11},"end":{"line":121,"column":24}},{"start":{"line":121,"column":24},"end":{"line":121,"column":38}},{"start":{"line":121,"column":38},"end":{"line":121,"column":57}}],"line":121},"7":{"loc":{"start":{"line":129,"column":2},"end":{"line":142,"column":null}},"type":"if","locations":[{"start":{"line":129,"column":2},"end":{"line":142,"column":null}},{"start":{},"end":{}}],"line":129},"8":{"loc":{"start":{"line":146,"column":7},"end":{"line":149,"column":null}},"type":"binary-expr","locations":[{"start":{"line":146,"column":7},"end":{"line":146,"column":null}},{"start":{"line":147,"column":8},"end":{"line":149,"column":null}}],"line":146},"9":{"loc":{"start":{"line":168,"column":24},"end":{"line":168,"column":null}},"type":"binary-expr","locations":[{"start":{"line":168,"column":24},"end":{"line":168,"column":35}},{"start":{"line":168,"column":35},"end":{"line":168,"column":null}}],"line":168},"10":{"loc":{"start":{"line":171,"column":15},"end":{"line":174,"column":null}},"type":"cond-expr","locations":[{"start":{"line":172,"column":16},"end":{"line":172,"column":null}},{"start":{"line":174,"column":16},"end":{"line":174,"column":null}}],"line":171},"11":{"loc":{"start":{"line":186,"column":15},"end":{"line":189,"column":null}},"type":"cond-expr","locations":[{"start":{"line":187,"column":16},"end":{"line":187,"column":null}},{"start":{"line":189,"column":16},"end":{"line":189,"column":null}}],"line":186},"12":{"loc":{"start":{"line":195,"column":6},"end":{"line":220,"column":null}},"type":"binary-expr","locations":[{"start":{"line":197,"column":8},"end":{"line":197,"column":18}},{"start":{"line":197,"column":18},"end":{"line":197,"column":null}},{"start":{"line":198,"column":8},"end":{"line":220,"column":null}}],"line":195},"13":{"loc":{"start":{"line":199,"column":11},"end":{"line":216,"column":null}},"type":"binary-expr","locations":[{"start":{"line":199,"column":11},"end":{"line":199,"column":null}},{"start":{"line":200,"column":12},"end":{"line":216,"column":null}}],"line":199},"14":{"loc":{"start":{"line":204,"column":19},"end":{"line":204,"column":null}},"type":"cond-expr","locations":[{"start":{"line":204,"column":32},"end":{"line":204,"column":56}},{"start":{"line":204,"column":56},"end":{"line":204,"column":null}}],"line":204},"15":{"loc":{"start":{"line":207,"column":17},"end":{"line":213,"column":null}},"type":"binary-expr","locations":[{"start":{"line":207,"column":17},"end":{"line":207,"column":null}},{"start":{"line":208,"column":18},"end":{"line":213,"column":null}}],"line":207},"16":{"loc":{"start":{"line":219,"column":11},"end":{"line":219,"column":null}},"type":"binary-expr","locations":[{"start":{"line":219,"column":11},"end":{"line":219,"column":21}},{"start":{"line":219,"column":21},"end":{"line":219,"column":null}}],"line":219}},"s":{"0":3,"1":6,"2":6,"3":12,"4":37,"5":37,"6":37,"7":37,"8":37,"9":37,"10":37,"11":37,"12":4,"13":0,"14":4,"15":4,"16":4,"17":4,"18":4,"19":4,"20":4,"21":4,"22":3,"23":3,"24":6,"25":1,"26":1,"27":1,"28":4,"29":37,"30":0,"31":0,"32":0,"33":37,"34":14,"35":12,"36":23,"37":1,"38":2,"39":2},"f":{"0":3,"1":6,"2":6,"3":12,"4":37,"5":4,"6":6,"7":0,"8":12,"9":1,"10":2,"11":2},"b":{"0":[0,12],"1":[37],"2":[0,4],"3":[1,3],"4":[1,0],"5":[0,0],"6":[0,0,0],"7":[14,23],"8":[23,1],"9":[37,19],"10":[4,19],"11":[4,19],"12":[37,20,4],"13":[4,1],"14":[1,0],"15":[1,1],"16":[4,3]},"meta":{"lastBranch":17,"lastFunction":12,"lastStatement":40,"seen":{"f:29:9:29:22":0,"s:30:2:70:Infinity":0,"f:35:32:35:33":1,"s:36:14:41:Infinity":1,"f:46:27:46:28":2,"s:47:12:63:Infinity":2,"f:51:34:51:35":3,"s:52:16:61:Infinity":3,"b:57:20:57:Infinity:59:20:59:Infinity":0,"f:74:16:74:30":4,"b:75:17:75:Infinity":1,"s:78:24:78:Infinity":4,"s:79:26:79:Infinity":5,"s:80:24:80:Infinity":6,"s:81:28:81:Infinity":7,"s:82:28:82:Infinity":8,"s:83:32:83:Infinity":9,"s:84:8:84:Infinity":10,"s:86:8:117:Infinity":11,"f:86:32:86:44":5,"b:87:4:87:Infinity:undefined:undefined:undefined:undefined":2,"s:87:4:87:Infinity":12,"s:87:23:87:Infinity":13,"s:89:4:89:Infinity":14,"s:90:4:90:Infinity":15,"s:91:4:91:Infinity":16,"s:93:4:116:Infinity":17,"s:95:30:95:Infinity":18,"s:96:25:98:Infinity":19,"b:97:10:97:Infinity:98:10:98:Infinity":3,"s:100:24:100:Infinity":20,"s:101:18:101:Infinity":21,"s:102:23:102:Infinity":22,"s:104:6:109:Infinity":23,"f:105:32:105:33":6,"s:105:57:105:63":24,"s:111:22:111:Infinity":25,"b:111:45:111:59:111:59:111:Infinity":4,"s:112:19:112:Infinity":26,"s:113:6:113:Infinity":27,"s:115:6:115:Infinity":28,"s:119:8:127:Infinity":29,"f:120:4:120:5":7,"b:121:6:124:Infinity:undefined:undefined:undefined:undefined":5,"s:121:6:124:Infinity":30,"b:121:11:121:24:121:24:121:38:121:38:121:57":6,"s:122:8:122:Infinity":31,"s:123:8:123:Infinity":32,"b:129:2:142:Infinity:undefined:undefined:undefined:undefined":7,"s:129:2:142:Infinity":33,"s:130:4:140:Infinity":34,"f:134:19:134:25":8,"s:134:25:134:Infinity":35,"s:144:2:222:Infinity":36,"b:146:7:146:Infinity:147:8:149:Infinity":8,"f:156:20:156:21":9,"s:156:27:156:Infinity":37,"b:168:24:168:35:168:35:168:Infinity":9,"b:172:16:172:Infinity:174:16:174:Infinity":10,"f:182:23:182:29":10,"s:182:29:182:Infinity":38,"f:182:40:182:41":11,"s:182:50:182:55":39,"b:187:16:187:Infinity:189:16:189:Infinity":11,"b:197:8:197:18:197:18:197:Infinity:198:8:220:Infinity":12,"b:199:11:199:Infinity:200:12:216:Infinity":13,"b:204:32:204:56:204:56:204:Infinity":14,"b:207:17:207:Infinity:208:18:213:Infinity":15,"b:219:11:219:21:219:21:219:Infinity":16}}}
,"/home/innojini/dev/study/src/components/content/VersionBadge.tsx": {"path":"/home/innojini/dev/study/src/components/content/VersionBadge.tsx","statementMap":{"0":{"start":{"line":10,"column":2},"end":{"line":13,"column":null}}},"fnMap":{"0":{"name":"VersionBadge","decl":{"start":{"line":9,"column":16},"end":{"line":9,"column":29}},"loc":{"start":{"line":9,"column":88},"end":{"line":15,"column":null}},"line":9}},"branchMap":{"0":{"loc":{"start":{"line":9,"column":40},"end":{"line":9,"column":55}},"type":"default-arg","locations":[{"start":{"line":9,"column":52},"end":{"line":9,"column":55}}],"line":9}},"s":{"0":4},"f":{"0":4},"b":{"0":[4]},"meta":{"lastBranch":1,"lastFunction":1,"lastStatement":1,"seen":{"f:9:16:9:29":0,"b:9:52:9:55":0,"s:10:2:13:Infinity":0}}}
,"/home/innojini/dev/study/src/components/layout/Footer.tsx": {"path":"/home/innojini/dev/study/src/components/layout/Footer.tsx","statementMap":{"0":{"start":{"line":4,"column":8},"end":{"line":4,"column":null}},"1":{"start":{"line":6,"column":2},"end":{"line":25,"column":null}}},"fnMap":{"0":{"name":"Footer","decl":{"start":{"line":3,"column":16},"end":{"line":3,"column":36}},"loc":{"start":{"line":3,"column":36},"end":{"line":27,"column":null}},"line":3}},"branchMap":{},"s":{"0":4,"1":4},"f":{"0":4},"b":{},"meta":{"lastBranch":0,"lastFunction":1,"lastStatement":2,"seen":{"f:3:16:3:36":0,"s:4:8:4:Infinity":0,"s:6:2:25:Infinity":1}}}
,"/home/innojini/dev/study/src/components/layout/Header.tsx": {"path":"/home/innojini/dev/study/src/components/layout/Header.tsx","statementMap":{"0":{"start":{"line":12,"column":34},"end":{"line":12,"column":null}},"1":{"start":{"line":13,"column":42},"end":{"line":13,"column":null}},"2":{"start":{"line":15,"column":8},"end":{"line":17,"column":null}},"3":{"start":{"line":16,"column":4},"end":{"line":16,"column":null}},"4":{"start":{"line":19,"column":8},"end":{"line":21,"column":null}},"5":{"start":{"line":20,"column":4},"end":{"line":20,"column":null}},"6":{"start":{"line":20,"column":32},"end":{"line":20,"column":37}},"7":{"start":{"line":23,"column":2},"end":{"line":66,"column":null}}},"fnMap":{"0":{"name":"Header","decl":{"start":{"line":11,"column":16},"end":{"line":11,"column":23}},"loc":{"start":{"line":11,"column":65},"end":{"line":68,"column":null}},"line":11},"1":{"name":"(anonymous_1)","decl":{"start":{"line":15,"column":34},"end":{"line":15,"column":40}},"loc":{"start":{"line":15,"column":40},"end":{"line":17,"column":5}},"line":15},"2":{"name":"(anonymous_2)","decl":{"start":{"line":19,"column":39},"end":{"line":19,"column":45}},"loc":{"start":{"line":19,"column":45},"end":{"line":21,"column":5}},"line":19},"3":{"name":"(anonymous_3)","decl":{"start":{"line":20,"column":22},"end":{"line":20,"column":23}},"loc":{"start":{"line":20,"column":32},"end":{"line":20,"column":37}},"line":20}},"branchMap":{"0":{"loc":{"start":{"line":16,"column":13},"end":{"line":16,"column":56}},"type":"cond-expr","locations":[{"start":{"line":16,"column":40},"end":{"line":16,"column":50}},{"start":{"line":16,"column":50},"end":{"line":16,"column":56}}],"line":16},"1":{"loc":{"start":{"line":31,"column":24},"end":{"line":31,"column":null}},"type":"cond-expr","locations":[{"start":{"line":31,"column":41},"end":{"line":31,"column":51}},{"start":{"line":31,"column":51},"end":{"line":31,"column":null}}],"line":31},"2":{"loc":{"start":{"line":34,"column":13},"end":{"line":34,"column":null}},"type":"cond-expr","locations":[{"start":{"line":34,"column":30},"end":{"line":34,"column":48}},{"start":{"line":34,"column":48},"end":{"line":34,"column":null}}],"line":34},"3":{"loc":{"start":{"line":60,"column":24},"end":{"line":60,"column":null}},"type":"cond-expr","locations":[{"start":{"line":60,"column":51},"end":{"line":60,"column":66}},{"start":{"line":60,"column":66},"end":{"line":60,"column":null}}],"line":60},"4":{"loc":{"start":{"line":62,"column":13},"end":{"line":62,"column":null}},"type":"cond-expr","locations":[{"start":{"line":62,"column":40},"end":{"line":62,"column":60}},{"start":{"line":62,"column":60},"end":{"line":62,"column":null}}],"line":62}},"s":{"0":15,"1":15,"2":15,"3":2,"4":15,"5":1,"6":1,"7":15},"f":{"0":15,"1":2,"2":1,"3":1},"b":{"0":[0,2],"1":[1,14],"2":[1,14],"3":[2,13],"4":[2,13]},"meta":{"lastBranch":5,"lastFunction":4,"lastStatement":8,"seen":{"f:11:16:11:23":0,"s:12:34:12:Infinity":0,"s:13:42:13:Infinity":1,"s:15:8:17:Infinity":2,"f:15:34:15:40":1,"s:16:4:16:Infinity":3,"b:16:40:16:50:16:50:16:56":0,"s:19:8:21:Infinity":4,"f:19:39:19:45":2,"s:20:4:20:Infinity":5,"f:20:22:20:23":3,"s:20:32:20:37":6,"s:23:2:66:Infinity":7,"b:31:41:31:51:31:51:31:Infinity":1,"b:34:30:34:48:34:48:34:Infinity":2,"b:60:51:60:66:60:66:60:Infinity":3,"b:62:40:62:60:62:60:62:Infinity":4}}}
,"/home/innojini/dev/study/src/components/layout/Sidebar.tsx": {"path":"/home/innojini/dev/study/src/components/layout/Sidebar.tsx","statementMap":{"0":{"start":{"line":18,"column":8},"end":{"line":18,"column":null}},"1":{"start":{"line":19,"column":19},"end":{"line":19,"column":null}},"2":{"start":{"line":21,"column":2},"end":{"line":41,"column":null}},"3":{"start":{"line":37,"column":12},"end":{"line":37,"column":null}},"4":{"start":{"line":46,"column":2},"end":{"line":56,"column":null}},"5":{"start":{"line":53,"column":10},"end":{"line":53,"column":null}}},"fnMap":{"0":{"name":"SidebarLink","decl":{"start":{"line":17,"column":9},"end":{"line":17,"column":21}},"loc":{"start":{"line":17,"column":65},"end":{"line":43,"column":null}},"line":17},"1":{"name":"(anonymous_1)","decl":{"start":{"line":36,"column":29},"end":{"line":36,"column":30}},"loc":{"start":{"line":37,"column":12},"end":{"line":37,"column":null}},"line":37},"2":{"name":"Sidebar","decl":{"start":{"line":45,"column":16},"end":{"line":45,"column":24}},"loc":{"start":{"line":45,"column":76},"end":{"line":58,"column":null}},"line":45},"3":{"name":"(anonymous_3)","decl":{"start":{"line":52,"column":19},"end":{"line":52,"column":20}},"loc":{"start":{"line":53,"column":10},"end":{"line":53,"column":null}},"line":53}},"branchMap":{"0":{"loc":{"start":{"line":26,"column":10},"end":{"line":28,"column":null}},"type":"cond-expr","locations":[{"start":{"line":27,"column":14},"end":{"line":27,"column":null}},{"start":{"line":28,"column":14},"end":{"line":28,"column":null}}],"line":26},"1":{"loc":{"start":{"line":30,"column":22},"end":{"line":30,"column":null}},"type":"cond-expr","locations":[{"start":{"line":30,"column":33},"end":{"line":30,"column":42}},{"start":{"line":30,"column":42},"end":{"line":30,"column":null}}],"line":30},"2":{"loc":{"start":{"line":34,"column":7},"end":{"line":39,"column":null}},"type":"binary-expr","locations":[{"start":{"line":34,"column":7},"end":{"line":34,"column":24}},{"start":{"line":34,"column":24},"end":{"line":34,"column":null}},{"start":{"line":35,"column":8},"end":{"line":39,"column":null}}],"line":34},"3":{"loc":{"start":{"line":45,"column":33},"end":{"line":45,"column":48}},"type":"default-arg","locations":[{"start":{"line":45,"column":45},"end":{"line":45,"column":48}}],"line":45}},"s":{"0":42,"1":42,"2":42,"3":28,"4":7,"5":14},"f":{"0":42,"1":28,"2":7,"3":14},"b":{"0":[7,35],"1":[7,35],"2":[42,14,14],"3":[7]},"meta":{"lastBranch":4,"lastFunction":4,"lastStatement":6,"seen":{"f:17:9:17:21":0,"s:18:8:18:Infinity":0,"s:19:19:19:Infinity":1,"s:21:2:41:Infinity":2,"b:27:14:27:Infinity:28:14:28:Infinity":0,"b:30:33:30:42:30:42:30:Infinity":1,"b:34:7:34:24:34:24:34:Infinity:35:8:39:Infinity":2,"f:36:29:36:30":1,"s:37:12:37:Infinity":3,"f:45:16:45:24":2,"b:45:45:45:48":3,"s:46:2:56:Infinity":4,"f:52:19:52:20":3,"s:53:10:53:Infinity":5}}}
,"/home/innojini/dev/study/src/components/layout/TableOfContents.tsx": {"path":"/home/innojini/dev/study/src/components/layout/TableOfContents.tsx","statementMap":{"0":{"start":{"line":20,"column":30},"end":{"line":20,"column":null}},"1":{"start":{"line":22,"column":2},"end":{"line":42,"column":null}},"2":{"start":{"line":23,"column":4},"end":{"line":23,"column":null}},"3":{"start":{"line":23,"column":28},"end":{"line":23,"column":null}},"4":{"start":{"line":25,"column":21},"end":{"line":34,"column":null}},"5":{"start":{"line":27,"column":8},"end":{"line":31,"column":null}},"6":{"start":{"line":28,"column":10},"end":{"line":30,"column":null}},"7":{"start":{"line":29,"column":12},"end":{"line":29,"column":null}},"8":{"start":{"line":36,"column":4},"end":{"line":39,"column":null}},"9":{"start":{"line":37,"column":22},"end":{"line":37,"column":null}},"10":{"start":{"line":38,"column":6},"end":{"line":38,"column":null}},"11":{"start":{"line":38,"column":19},"end":{"line":38,"column":null}},"12":{"start":{"line":41,"column":4},"end":{"line":41,"column":null}},"13":{"start":{"line":41,"column":17},"end":{"line":41,"column":null}},"14":{"start":{"line":44,"column":2},"end":{"line":44,"column":null}},"15":{"start":{"line":44,"column":26},"end":{"line":44,"column":null}},"16":{"start":{"line":46,"column":2},"end":{"line":75,"column":null}},"17":{"start":{"line":57,"column":12},"end":{"line":71,"column":null}}},"fnMap":{"0":{"name":"TableOfContents","decl":{"start":{"line":16,"column":16},"end":{"line":16,"column":32}},"loc":{"start":{"line":19,"column":36},"end":{"line":77,"column":null}},"line":19},"1":{"name":"(anonymous_1)","decl":{"start":{"line":22,"column":12},"end":{"line":22,"column":18}},"loc":{"start":{"line":22,"column":18},"end":{"line":42,"column":5}},"line":22},"2":{"name":"(anonymous_2)","decl":{"start":{"line":26,"column":6},"end":{"line":26,"column":7}},"loc":{"start":{"line":26,"column":19},"end":{"line":32,"column":null}},"line":26},"3":{"name":"(anonymous_3)","decl":{"start":{"line":41,"column":11},"end":{"line":41,"column":17}},"loc":{"start":{"line":41,"column":17},"end":{"line":41,"column":null}},"line":41},"4":{"name":"(anonymous_4)","decl":{"start":{"line":56,"column":21},"end":{"line":56,"column":22}},"loc":{"start":{"line":57,"column":12},"end":{"line":71,"column":null}},"line":57}},"branchMap":{"0":{"loc":{"start":{"line":18,"column":2},"end":{"line":18,"column":null}},"type":"default-arg","locations":[{"start":{"line":18,"column":14},"end":{"line":18,"column":null}}],"line":18},"1":{"loc":{"start":{"line":23,"column":4},"end":{"line":23,"column":null}},"type":"if","locations":[{"start":{"line":23,"column":4},"end":{"line":23,"column":null}},{"start":{},"end":{}}],"line":23},"2":{"loc":{"start":{"line":28,"column":10},"end":{"line":30,"column":null}},"type":"if","locations":[{"start":{"line":28,"column":10},"end":{"line":30,"column":null}},{"start":{},"end":{}}],"line":28},"3":{"loc":{"start":{"line":38,"column":6},"end":{"line":38,"column":null}},"type":"if","locations":[{"start":{"line":38,"column":6},"end":{"line":38,"column":null}},{"start":{},"end":{}}],"line":38},"4":{"loc":{"start":{"line":44,"column":2},"end":{"line":44,"column":null}},"type":"if","locations":[{"start":{"line":44,"column":2},"end":{"line":44,"column":null}},{"start":{},"end":{}}],"line":44},"5":{"loc":{"start":{"line":61,"column":18},"end":{"line":61,"column":null}},"type":"cond-expr","locations":[{"start":{"line":61,"column":35},"end":{"line":61,"column":44}},{"start":{"line":61,"column":44},"end":{"line":61,"column":null}}],"line":61},"6":{"loc":{"start":{"line":63,"column":18},"end":{"line":65,"column":null}},"type":"cond-expr","locations":[{"start":{"line":64,"column":22},"end":{"line":64,"column":null}},{"start":{"line":65,"column":22},"end":{"line":65,"column":null}}],"line":63},"7":{"loc":{"start":{"line":67,"column":30},"end":{"line":67,"column":null}},"type":"cond-expr","locations":[{"start":{"line":67,"column":53},"end":{"line":67,"column":66}},{"start":{"line":67,"column":66},"end":{"line":67,"column":null}}],"line":67}},"s":{"0":7,"1":7,"2":7,"3":1,"4":6,"5":0,"6":0,"7":0,"8":6,"9":24,"10":24,"11":0,"12":6,"13":6,"14":7,"15":1,"16":6,"17":24},"f":{"0":7,"1":7,"2":0,"3":6,"4":24},"b":{"0":[7],"1":[1,6],"2":[0,0],"3":[0,24],"4":[1,6],"5":[6,18],"6":[0,24],"7":[0,24]},"meta":{"lastBranch":8,"lastFunction":5,"lastStatement":18,"seen":{"f:16:16:16:32":0,"b:18:14:18:Infinity":0,"s:20:30:20:Infinity":0,"s:22:2:42:Infinity":1,"f:22:12:22:18":1,"b:23:4:23:Infinity:undefined:undefined:undefined:undefined":1,"s:23:4:23:Infinity":2,"s:23:28:23:Infinity":3,"s:25:21:34:Infinity":4,"f:26:6:26:7":2,"s:27:8:31:Infinity":5,"b:28:10:30:Infinity:undefined:undefined:undefined:undefined":2,"s:28:10:30:Infinity":6,"s:29:12:29:Infinity":7,"s:36:4:39:Infinity":8,"s:37:22:37:Infinity":9,"b:38:6:38:Infinity:undefined:undefined:undefined:undefined":3,"s:38:6:38:Infinity":10,"s:38:19:38:Infinity":11,"s:41:4:41:Infinity":12,"f:41:11:41:17":3,"s:41:17:41:Infinity":13,"b:44:2:44:Infinity:undefined:undefined:undefined:undefined":4,"s:44:2:44:Infinity":14,"s:44:26:44:Infinity":15,"s:46:2:75:Infinity":16,"f:56:21:56:22":4,"s:57:12:71:Infinity":17,"b:61:35:61:44:61:44:61:Infinity":5,"b:64:22:64:Infinity:65:22:65:Infinity":6,"b:67:53:67:66:67:66:67:Infinity":7}}}
,"/home/innojini/dev/study/src/components/navigation/Breadcrumb.tsx": {"path":"/home/innojini/dev/study/src/components/navigation/Breadcrumb.tsx","statementMap":{"0":{"start":{"line":7,"column":46},"end":{"line":15,"column":null}},"1":{"start":{"line":18,"column":8},"end":{"line":18,"column":null}},"2":{"start":{"line":19,"column":19},"end":{"line":19,"column":null}},"3":{"start":{"line":21,"column":2},"end":{"line":21,"column":null}},"4":{"start":{"line":21,"column":29},"end":{"line":21,"column":null}},"5":{"start":{"line":23,"column":17},"end":{"line":33,"column":null}},"6":{"start":{"line":24,"column":17},"end":{"line":24,"column":null}},"7":{"start":{"line":26,"column":6},"end":{"line":29,"column":null}},"8":{"start":{"line":29,"column":33},"end":{"line":29,"column":48}},"9":{"start":{"line":30,"column":19},"end":{"line":30,"column":null}},"10":{"start":{"line":32,"column":4},"end":{"line":32,"column":null}},"11":{"start":{"line":35,"column":2},"end":{"line":62,"column":null}},"12":{"start":{"line":48,"column":10},"end":{"line":59,"column":null}}},"fnMap":{"0":{"name":"Breadcrumb","decl":{"start":{"line":17,"column":16},"end":{"line":17,"column":40}},"loc":{"start":{"line":17,"column":40},"end":{"line":64,"column":null}},"line":17},"1":{"name":"(anonymous_1)","decl":{"start":{"line":23,"column":30},"end":{"line":23,"column":31}},"loc":{"start":{"line":23,"column":50},"end":{"line":33,"column":3}},"line":23},"2":{"name":"(anonymous_2)","decl":{"start":{"line":29,"column":26},"end":{"line":29,"column":27}},"loc":{"start":{"line":29,"column":33},"end":{"line":29,"column":48}},"line":29},"3":{"name":"(anonymous_3)","decl":{"start":{"line":47,"column":20},"end":{"line":47,"column":21}},"loc":{"start":{"line":48,"column":10},"end":{"line":59,"column":null}},"line":48}},"branchMap":{"0":{"loc":{"start":{"line":21,"column":2},"end":{"line":21,"column":null}},"type":"if","locations":[{"start":{"line":21,"column":2},"end":{"line":21,"column":null}},{"start":{},"end":{}}],"line":21},"1":{"loc":{"start":{"line":26,"column":6},"end":{"line":29,"column":null}},"type":"binary-expr","locations":[{"start":{"line":26,"column":6},"end":{"line":26,"column":null}},{"start":{"line":27,"column":6},"end":{"line":29,"column":null}}],"line":26},"2":{"loc":{"start":{"line":50,"column":13},"end":{"line":57,"column":null}},"type":"cond-expr","locations":[{"start":{"line":51,"column":14},"end":{"line":53,"column":null}},{"start":{"line":55,"column":14},"end":{"line":57,"column":null}}],"line":50}},"s":{"0":2,"1":9,"2":9,"3":9,"4":0,"5":9,"6":18,"7":18,"8":9,"9":18,"10":18,"11":9,"12":18},"f":{"0":9,"1":18,"2":9,"3":18},"b":{"0":[0,9],"1":[18,9],"2":[9,9]},"meta":{"lastBranch":3,"lastFunction":4,"lastStatement":13,"seen":{"s:7:46:15:Infinity":0,"f:17:16:17:40":0,"s:18:8:18:Infinity":1,"s:19:19:19:Infinity":2,"b:21:2:21:Infinity:undefined:undefined:undefined:undefined":0,"s:21:2:21:Infinity":3,"s:21:29:21:Infinity":4,"s:23:17:33:Infinity":5,"f:23:30:23:31":1,"s:24:17:24:Infinity":6,"s:26:6:29:Infinity":7,"b:26:6:26:Infinity:27:6:29:Infinity":1,"f:29:26:29:27":2,"s:29:33:29:48":8,"s:30:19:30:Infinity":9,"s:32:4:32:Infinity":10,"s:35:2:62:Infinity":11,"f:47:20:47:21":3,"s:48:10:59:Infinity":12,"b:51:14:53:Infinity:55:14:57:Infinity":2}}}
,"/home/innojini/dev/study/src/components/navigation/PrevNext.tsx": {"path":"/home/innojini/dev/study/src/components/navigation/PrevNext.tsx","statementMap":{"0":{"start":{"line":15,"column":2},"end":{"line":15,"column":null}},"1":{"start":{"line":15,"column":22},"end":{"line":15,"column":null}},"2":{"start":{"line":17,"column":2},"end":{"line":65,"column":null}}},"fnMap":{"0":{"name":"PrevNext","decl":{"start":{"line":14,"column":16},"end":{"line":14,"column":25}},"loc":{"start":{"line":14,"column":67},"end":{"line":67,"column":null}},"line":14}},"branchMap":{"0":{"loc":{"start":{"line":15,"column":2},"end":{"line":15,"column":null}},"type":"if","locations":[{"start":{"line":15,"column":2},"end":{"line":15,"column":null}},{"start":{},"end":{}}],"line":15},"1":{"loc":{"start":{"line":15,"column":6},"end":{"line":15,"column":22}},"type":"binary-expr","locations":[{"start":{"line":15,"column":6},"end":{"line":15,"column":15}},{"start":{"line":15,"column":15},"end":{"line":15,"column":22}}],"line":15},"2":{"loc":{"start":{"line":22,"column":7},"end":{"line":41,"column":null}},"type":"cond-expr","locations":[{"start":{"line":23,"column":8},"end":{"line":39,"column":null}},{"start":{"line":41,"column":8},"end":{"line":41,"column":null}}],"line":22},"3":{"loc":{"start":{"line":44,"column":7},"end":{"line":63,"column":null}},"type":"cond-expr","locations":[{"start":{"line":45,"column":8},"end":{"line":61,"column":null}},{"start":{"line":63,"column":8},"end":{"line":63,"column":null}}],"line":44}},"s":{"0":12,"1":1,"2":11},"f":{"0":12},"b":{"0":[1,11],"1":[12,3],"2":[9,2],"3":[9,2]},"meta":{"lastBranch":4,"lastFunction":1,"lastStatement":3,"seen":{"f:14:16:14:25":0,"b:15:2:15:Infinity:undefined:undefined:undefined:undefined":0,"s:15:2:15:Infinity":0,"b:15:6:15:15:15:15:15:22":1,"s:15:22:15:Infinity":1,"s:17:2:65:Infinity":2,"b:23:8:39:Infinity:41:8:41:Infinity":2,"b:45:8:61:Infinity:63:8:63:Infinity":3}}}
,"/home/innojini/dev/study/src/components/navigation/SearchModal.tsx": {"path":"/home/innojini/dev/study/src/components/navigation/SearchModal.tsx","statementMap":{"0":{"start":{"line":21,"column":56},"end":{"line":25,"column":null}},"1":{"start":{"line":27,"column":48},"end":{"line":31,"column":null}},"2":{"start":{"line":34,"column":24},"end":{"line":34,"column":null}},"3":{"start":{"line":35,"column":28},"end":{"line":35,"column":null}},"4":{"start":{"line":36,"column":40},"end":{"line":36,"column":null}},"5":{"start":{"line":37,"column":28},"end":{"line":37,"column":null}},"6":{"start":{"line":38,"column":8},"end":{"line":38,"column":null}},"7":{"start":{"line":40,"column":2},"end":{"line":47,"column":null}},"8":{"start":{"line":41,"column":4},"end":{"line":46,"column":null}},"9":{"start":{"line":42,"column":6},"end":{"line":42,"column":null}},"10":{"start":{"line":43,"column":6},"end":{"line":43,"column":null}},"11":{"start":{"line":44,"column":6},"end":{"line":44,"column":null}},"12":{"start":{"line":45,"column":6},"end":{"line":45,"column":null}},"13":{"start":{"line":45,"column":34},"end":{"line":45,"column":59}},"14":{"start":{"line":49,"column":2},"end":{"line":64,"column":null}},"15":{"start":{"line":50,"column":26},"end":{"line":60,"column":null}},"16":{"start":{"line":51,"column":6},"end":{"line":56,"column":null}},"17":{"start":{"line":52,"column":8},"end":{"line":52,"column":null}},"18":{"start":{"line":53,"column":8},"end":{"line":55,"column":null}},"19":{"start":{"line":54,"column":10},"end":{"line":54,"column":null}},"20":{"start":{"line":57,"column":6},"end":{"line":59,"column":null}},"21":{"start":{"line":58,"column":8},"end":{"line":58,"column":null}},"22":{"start":{"line":62,"column":4},"end":{"line":62,"column":null}},"23":{"start":{"line":63,"column":4},"end":{"line":63,"column":null}},"24":{"start":{"line":63,"column":17},"end":{"line":63,"column":null}},"25":{"start":{"line":66,"column":8},"end":{"line":85,"column":null}},"26":{"start":{"line":67,"column":4},"end":{"line":67,"column":null}},"27":{"start":{"line":68,"column":4},"end":{"line":68,"column":null}},"28":{"start":{"line":70,"column":4},"end":{"line":73,"column":null}},"29":{"start":{"line":71,"column":6},"end":{"line":71,"column":null}},"30":{"start":{"line":72,"column":6},"end":{"line":72,"column":null}},"31":{"start":{"line":75,"column":4},"end":{"line":75,"column":null}},"32":{"start":{"line":76,"column":4},"end":{"line":84,"column":null}},"33":{"start":{"line":77,"column":25},"end":{"line":77,"column":null}},"34":{"start":{"line":78,"column":28},"end":{"line":78,"column":null}},"35":{"start":{"line":79,"column":6},"end":{"line":79,"column":null}},"36":{"start":{"line":81,"column":6},"end":{"line":81,"column":null}},"37":{"start":{"line":83,"column":6},"end":{"line":83,"column":null}},"38":{"start":{"line":87,"column":8},"end":{"line":102,"column":null}},"39":{"start":{"line":89,"column":6},"end":{"line":99,"column":null}},"40":{"start":{"line":90,"column":8},"end":{"line":90,"column":null}},"41":{"start":{"line":91,"column":8},"end":{"line":91,"column":null}},"42":{"start":{"line":91,"column":35},"end":{"line":91,"column":73}},"43":{"start":{"line":92,"column":6},"end":{"line":99,"column":null}},"44":{"start":{"line":93,"column":8},"end":{"line":93,"column":null}},"45":{"start":{"line":94,"column":8},"end":{"line":94,"column":null}},"46":{"start":{"line":94,"column":35},"end":{"line":94,"column":56}},"47":{"start":{"line":95,"column":6},"end":{"line":99,"column":null}},"48":{"start":{"line":96,"column":8},"end":{"line":96,"column":null}},"49":{"start":{"line":97,"column":8},"end":{"line":97,"column":null}},"50":{"start":{"line":98,"column":8},"end":{"line":98,"column":null}},"51":{"start":{"line":104,"column":2},"end":{"line":104,"column":null}},"52":{"start":{"line":104,"column":13},"end":{"line":104,"column":null}},"53":{"start":{"line":106,"column":2},"end":{"line":236,"column":null}},"54":{"start":{"line":129,"column":29},"end":{"line":129,"column":null}},"55":{"start":{"line":162,"column":16},"end":{"line":199,"column":null}},"56":{"start":{"line":174,"column":35},"end":{"line":174,"column":null}}},"fnMap":{"0":{"name":"SearchModal","decl":{"start":{"line":33,"column":16},"end":{"line":33,"column":28}},"loc":{"start":{"line":33,"column":76},"end":{"line":238,"column":null}},"line":33},"1":{"name":"(anonymous_1)","decl":{"start":{"line":40,"column":12},"end":{"line":40,"column":18}},"loc":{"start":{"line":40,"column":18},"end":{"line":47,"column":5}},"line":40},"2":{"name":"(anonymous_2)","decl":{"start":{"line":45,"column":28},"end":{"line":45,"column":34}},"loc":{"start":{"line":45,"column":34},"end":{"line":45,"column":59}},"line":45},"3":{"name":"(anonymous_3)","decl":{"start":{"line":49,"column":12},"end":{"line":49,"column":18}},"loc":{"start":{"line":49,"column":18},"end":{"line":64,"column":5}},"line":49},"4":{"name":"(anonymous_4)","decl":{"start":{"line":50,"column":26},"end":{"line":50,"column":27}},"loc":{"start":{"line":50,"column":65},"end":{"line":60,"column":null}},"line":50},"5":{"name":"(anonymous_5)","decl":{"start":{"line":63,"column":11},"end":{"line":63,"column":17}},"loc":{"start":{"line":63,"column":17},"end":{"line":63,"column":null}},"line":63},"6":{"name":"(anonymous_6)","decl":{"start":{"line":66,"column":35},"end":{"line":66,"column":42}},"loc":{"start":{"line":66,"column":66},"end":{"line":85,"column":5}},"line":66},"7":{"name":"(anonymous_7)","decl":{"start":{"line":88,"column":4},"end":{"line":88,"column":5}},"loc":{"start":{"line":88,"column":44},"end":{"line":100,"column":null}},"line":88},"8":{"name":"(anonymous_8)","decl":{"start":{"line":91,"column":25},"end":{"line":91,"column":26}},"loc":{"start":{"line":91,"column":35},"end":{"line":91,"column":73}},"line":91},"9":{"name":"(anonymous_9)","decl":{"start":{"line":94,"column":25},"end":{"line":94,"column":26}},"loc":{"start":{"line":94,"column":35},"end":{"line":94,"column":56}},"line":94},"10":{"name":"(anonymous_10)","decl":{"start":{"line":129,"column":22},"end":{"line":129,"column":23}},"loc":{"start":{"line":129,"column":29},"end":{"line":129,"column":null}},"line":129},"11":{"name":"(anonymous_11)","decl":{"start":{"line":161,"column":27},"end":{"line":161,"column":28}},"loc":{"start":{"line":162,"column":16},"end":{"line":199,"column":null}},"line":162},"12":{"name":"(anonymous_12)","decl":{"start":{"line":174,"column":29},"end":{"line":174,"column":35}},"loc":{"start":{"line":174,"column":35},"end":{"line":174,"column":null}},"line":174}},"branchMap":{"0":{"loc":{"start":{"line":41,"column":4},"end":{"line":46,"column":null}},"type":"if","locations":[{"start":{"line":41,"column":4},"end":{"line":46,"column":null}},{"start":{},"end":{}}],"line":41},"1":{"loc":{"start":{"line":51,"column":6},"end":{"line":56,"column":null}},"type":"if","locations":[{"start":{"line":51,"column":6},"end":{"line":56,"column":null}},{"start":{},"end":{}}],"line":51},"2":{"loc":{"start":{"line":51,"column":6},"end":{"line":51,"column":53}},"type":"binary-expr","locations":[{"start":{"line":51,"column":11},"end":{"line":51,"column":24}},{"start":{"line":51,"column":24},"end":{"line":51,"column":38}},{"start":{"line":51,"column":38},"end":{"line":51,"column":53}}],"line":51},"3":{"loc":{"start":{"line":53,"column":8},"end":{"line":55,"column":null}},"type":"if","locations":[{"start":{"line":53,"column":8},"end":{"line":55,"column":null}},{"start":{},"end":{}}],"line":53},"4":{"loc":{"start":{"line":57,"column":6},"end":{"line":59,"column":null}},"type":"if","locations":[{"start":{"line":57,"column":6},"end":{"line":59,"column":null}},{"start":{},"end":{}}],"line":57},"5":{"loc":{"start":{"line":57,"column":10},"end":{"line":57,"column":38}},"type":"binary-expr","locations":[{"start":{"line":57,"column":10},"end":{"line":57,"column":32}},{"start":{"line":57,"column":32},"end":{"line":57,"column":38}}],"line":57},"6":{"loc":{"start":{"line":70,"column":4},"end":{"line":73,"column":null}},"type":"if","locations":[{"start":{"line":70,"column":4},"end":{"line":73,"column":null}},{"start":{},"end":{}}],"line":70},"7":{"loc":{"start":{"line":89,"column":6},"end":{"line":99,"column":null}},"type":"if","locations":[{"start":{"line":89,"column":6},"end":{"line":99,"column":null}},{"start":{"line":92,"column":6},"end":{"line":99,"column":null}}],"line":89},"8":{"loc":{"start":{"line":92,"column":6},"end":{"line":99,"column":null}},"type":"if","locations":[{"start":{"line":92,"column":6},"end":{"line":99,"column":null}},{"start":{"line":95,"column":6},"end":{"line":99,"column":null}}],"line":92},"9":{"loc":{"start":{"line":95,"column":6},"end":{"line":99,"column":null}},"type":"if","locations":[{"start":{"line":95,"column":6},"end":{"line":99,"column":null}},{"start":{},"end":{}}],"line":95},"10":{"loc":{"start":{"line":95,"column":17},"end":{"line":95,"column":62}},"type":"binary-expr","locations":[{"start":{"line":95,"column":17},"end":{"line":95,"column":38}},{"start":{"line":95,"column":38},"end":{"line":95,"column":62}}],"line":95},"11":{"loc":{"start":{"line":104,"column":2},"end":{"line":104,"column":null}},"type":"if","locations":[{"start":{"line":104,"column":2},"end":{"line":104,"column":null}},{"start":{},"end":{}}],"line":104},"12":{"loc":{"start":{"line":147,"column":11},"end":{"line":150,"column":null}},"type":"binary-expr","locations":[{"start":{"line":147,"column":11},"end":{"line":147,"column":null}},{"start":{"line":148,"column":12},"end":{"line":150,"column":null}}],"line":147},"13":{"loc":{"start":{"line":153,"column":11},"end":{"line":156,"column":null}},"type":"binary-expr","locations":[{"start":{"line":153,"column":11},"end":{"line":153,"column":23}},{"start":{"line":153,"column":23},"end":{"line":153,"column":32}},{"start":{"line":153,"column":32},"end":{"line":153,"column":null}},{"start":{"line":154,"column":12},"end":{"line":156,"column":null}}],"line":153},"14":{"loc":{"start":{"line":159,"column":11},"end":{"line":201,"column":null}},"type":"binary-expr","locations":[{"start":{"line":159,"column":11},"end":{"line":159,"column":23}},{"start":{"line":159,"column":23},"end":{"line":159,"column":null}},{"start":{"line":160,"column":12},"end":{"line":201,"column":null}}],"line":159},"15":{"loc":{"start":{"line":170,"column":22},"end":{"line":172,"column":null}},"type":"cond-expr","locations":[{"start":{"line":171,"column":26},"end":{"line":171,"column":null}},{"start":{"line":172,"column":26},"end":{"line":172,"column":null}}],"line":170},"16":{"loc":{"start":{"line":192,"column":23},"end":{"line":195,"column":null}},"type":"binary-expr","locations":[{"start":{"line":192,"column":23},"end":{"line":192,"column":null}},{"start":{"line":193,"column":24},"end":{"line":195,"column":null}}],"line":192},"17":{"loc":{"start":{"line":204,"column":11},"end":{"line":207,"column":null}},"type":"binary-expr","locations":[{"start":{"line":204,"column":11},"end":{"line":204,"column":null}},{"start":{"line":205,"column":12},"end":{"line":207,"column":null}}],"line":204}},"s":{"0":1,"1":1,"2":49,"3":49,"4":49,"5":49,"6":49,"7":49,"8":16,"9":15,"10":15,"11":15,"12":15,"13":15,"14":49,"15":16,"16":4,"17":0,"18":0,"19":0,"20":4,"21":1,"22":16,"23":16,"24":16,"25":49,"26":8,"27":8,"28":8,"29":1,"30":1,"31":7,"32":7,"33":7,"34":7,"35":7,"36":0,"37":7,"38":49,"39":3,"40":2,"41":2,"42":2,"43":1,"44":1,"45":1,"46":1,"47":0,"48":0,"49":0,"50":0,"51":49,"52":1,"53":48,"54":8,"55":18,"56":1},"f":{"0":49,"1":16,"2":15,"3":16,"4":4,"5":16,"6":8,"7":3,"8":2,"9":1,"10":8,"11":18,"12":1},"b":{"0":[15,1],"1":[0,4],"2":[4,4,0],"3":[0,0],"4":[1,3],"5":[4,1],"6":[1,7],"7":[2,1],"8":[1,0],"9":[0,0],"10":[0,0],"11":[1,48],"12":[48,7],"13":[49,41,10,1],"14":[49,41,9],"15":[9,9],"16":[18,18],"17":[49,31]},"meta":{"lastBranch":18,"lastFunction":13,"lastStatement":57,"seen":{"s:21:56:25:Infinity":0,"s:27:48:31:Infinity":1,"f:33:16:33:28":0,"s:34:24:34:Infinity":2,"s:35:28:35:Infinity":3,"s:36:40:36:Infinity":4,"s:37:28:37:Infinity":5,"s:38:8:38:Infinity":6,"s:40:2:47:Infinity":7,"f:40:12:40:18":1,"b:41:4:46:Infinity:undefined:undefined:undefined:undefined":0,"s:41:4:46:Infinity":8,"s:42:6:42:Infinity":9,"s:43:6:43:Infinity":10,"s:44:6:44:Infinity":11,"s:45:6:45:Infinity":12,"f:45:28:45:34":2,"s:45:34:45:59":13,"s:49:2:64:Infinity":14,"f:49:12:49:18":3,"s:50:26:60:Infinity":15,"f:50:26:50:27":4,"b:51:6:56:Infinity:undefined:undefined:undefined:undefined":1,"s:51:6:56:Infinity":16,"b:51:11:51:24:51:24:51:38:51:38:51:53":2,"s:52:8:52:Infinity":17,"b:53:8:55:Infinity:undefined:undefined:undefined:undefined":3,"s:53:8:55:Infinity":18,"s:54:10:54:Infinity":19,"b:57:6:59:Infinity:undefined:undefined:undefined:undefined":4,"s:57:6:59:Infinity":20,"b:57:10:57:32:57:32:57:38":5,"s:58:8:58:Infinity":21,"s:62:4:62:Infinity":22,"s:63:4:63:Infinity":23,"f:63:11:63:17":5,"s:63:17:63:Infinity":24,"s:66:8:85:Infinity":25,"f:66:35:66:42":6,"s:67:4:67:Infinity":26,"s:68:4:68:Infinity":27,"b:70:4:73:Infinity:undefined:undefined:undefined:undefined":6,"s:70:4:73:Infinity":28,"s:71:6:71:Infinity":29,"s:72:6:72:Infinity":30,"s:75:4:75:Infinity":31,"s:76:4:84:Infinity":32,"s:77:25:77:Infinity":33,"s:78:28:78:Infinity":34,"s:79:6:79:Infinity":35,"s:81:6:81:Infinity":36,"s:83:6:83:Infinity":37,"s:87:8:102:Infinity":38,"f:88:4:88:5":7,"b:89:6:99:Infinity:92:6:99:Infinity":7,"s:89:6:99:Infinity":39,"s:90:8:90:Infinity":40,"s:91:8:91:Infinity":41,"f:91:25:91:26":8,"s:91:35:91:73":42,"b:92:6:99:Infinity:95:6:99:Infinity":8,"s:92:6:99:Infinity":43,"s:93:8:93:Infinity":44,"s:94:8:94:Infinity":45,"f:94:25:94:26":9,"s:94:35:94:56":46,"b:95:6:99:Infinity:undefined:undefined:undefined:undefined":9,"s:95:6:99:Infinity":47,"b:95:17:95:38:95:38:95:62":10,"s:96:8:96:Infinity":48,"s:97:8:97:Infinity":49,"s:98:8:98:Infinity":50,"b:104:2:104:Infinity:undefined:undefined:undefined:undefined":11,"s:104:2:104:Infinity":51,"s:104:13:104:Infinity":52,"s:106:2:236:Infinity":53,"f:129:22:129:23":10,"s:129:29:129:Infinity":54,"b:147:11:147:Infinity:148:12:150:Infinity":12,"b:153:11:153:23:153:23:153:32:153:32:153:Infinity:154:12:156:Infinity":13,"b:159:11:159:23:159:23:159:Infinity:160:12:201:Infinity":14,"f:161:27:161:28":11,"s:162:16:199:Infinity":55,"b:171:26:171:Infinity:172:26:172:Infinity":15,"f:174:29:174:35":12,"s:174:35:174:Infinity":56,"b:192:23:192:Infinity:193:24:195:Infinity":16,"b:204:11:204:Infinity:205:12:207:Infinity":17}}}
,"/home/innojini/dev/study/src/components/progress/BookmarkButton.tsx": {"path":"/home/innojini/dev/study/src/components/progress/BookmarkButton.tsx","statementMap":{"0":{"start":{"line":10,"column":20},"end":{"line":10,"column":null}},"1":{"start":{"line":13,"column":2},"end":{"line":13,"column":null}},"2":{"start":{"line":13,"column":37},"end":{"line":13,"column":null}},"3":{"start":{"line":14,"column":2},"end":{"line":19,"column":null}},"4":{"start":{"line":15,"column":19},"end":{"line":15,"column":null}},"5":{"start":{"line":16,"column":4},"end":{"line":16,"column":null}},"6":{"start":{"line":18,"column":4},"end":{"line":18,"column":null}},"7":{"start":{"line":23,"column":2},"end":{"line":23,"column":null}},"8":{"start":{"line":27,"column":34},"end":{"line":27,"column":null}},"9":{"start":{"line":29,"column":2},"end":{"line":32,"column":null}},"10":{"start":{"line":30,"column":22},"end":{"line":30,"column":null}},"11":{"start":{"line":31,"column":4},"end":{"line":31,"column":null}},"12":{"start":{"line":34,"column":8},"end":{"line":44,"column":null}},"13":{"start":{"line":35,"column":22},"end":{"line":35,"column":null}},"14":{"start":{"line":36,"column":4},"end":{"line":42,"column":null}},"15":{"start":{"line":37,"column":6},"end":{"line":37,"column":null}},"16":{"start":{"line":38,"column":6},"end":{"line":38,"column":null}},"17":{"start":{"line":40,"column":6},"end":{"line":40,"column":null}},"18":{"start":{"line":41,"column":6},"end":{"line":41,"column":null}},"19":{"start":{"line":43,"column":4},"end":{"line":43,"column":null}},"20":{"start":{"line":46,"column":2},"end":{"line":60,"column":null}}},"fnMap":{"0":{"name":"getBookmarks","decl":{"start":{"line":12,"column":9},"end":{"line":12,"column":49}},"loc":{"start":{"line":12,"column":49},"end":{"line":20,"column":null}},"line":12},"1":{"name":"setBookmarks","decl":{"start":{"line":22,"column":9},"end":{"line":22,"column":22}},"loc":{"start":{"line":22,"column":64},"end":{"line":24,"column":null}},"line":22},"2":{"name":"BookmarkButton","decl":{"start":{"line":26,"column":16},"end":{"line":26,"column":31}},"loc":{"start":{"line":26,"column":75},"end":{"line":62,"column":null}},"line":26},"3":{"name":"(anonymous_3)","decl":{"start":{"line":29,"column":12},"end":{"line":29,"column":18}},"loc":{"start":{"line":29,"column":18},"end":{"line":32,"column":5}},"line":29},"4":{"name":"(anonymous_4)","decl":{"start":{"line":34,"column":37},"end":{"line":34,"column":43}},"loc":{"start":{"line":34,"column":43},"end":{"line":44,"column":5}},"line":34}},"branchMap":{"0":{"loc":{"start":{"line":13,"column":2},"end":{"line":13,"column":null}},"type":"if","locations":[{"start":{"line":13,"column":2},"end":{"line":13,"column":null}},{"start":{},"end":{}}],"line":13},"1":{"loc":{"start":{"line":16,"column":11},"end":{"line":16,"column":null}},"type":"cond-expr","locations":[{"start":{"line":16,"column":21},"end":{"line":16,"column":70}},{"start":{"line":16,"column":70},"end":{"line":16,"column":null}}],"line":16},"2":{"loc":{"start":{"line":36,"column":4},"end":{"line":42,"column":null}},"type":"if","locations":[{"start":{"line":36,"column":4},"end":{"line":42,"column":null}},{"start":{"line":39,"column":11},"end":{"line":42,"column":null}}],"line":36},"3":{"loc":{"start":{"line":51,"column":8},"end":{"line":53,"column":null}},"type":"cond-expr","locations":[{"start":{"line":52,"column":12},"end":{"line":52,"column":null}},{"start":{"line":53,"column":12},"end":{"line":53,"column":null}}],"line":51},"4":{"loc":{"start":{"line":56,"column":18},"end":{"line":56,"column":null}},"type":"cond-expr","locations":[{"start":{"line":56,"column":31},"end":{"line":56,"column":42}},{"start":{"line":56,"column":42},"end":{"line":56,"column":null}}],"line":56},"5":{"loc":{"start":{"line":58,"column":37},"end":{"line":58,"column":71}},"type":"cond-expr","locations":[{"start":{"line":58,"column":50},"end":{"line":58,"column":67}},{"start":{"line":58,"column":67},"end":{"line":58,"column":71}}],"line":58},"6":{"loc":{"start":{"line":59,"column":7},"end":{"line":59,"column":null}},"type":"cond-expr","locations":[{"start":{"line":59,"column":20},"end":{"line":59,"column":29}},{"start":{"line":59,"column":29},"end":{"line":59,"column":null}}],"line":59}},"s":{"0":1,"1":9,"2":0,"3":9,"4":9,"5":9,"6":0,"7":4,"8":12,"9":12,"10":5,"11":5,"12":12,"13":4,"14":4,"15":1,"16":1,"17":3,"18":3,"19":4,"20":12},"f":{"0":9,"1":4,"2":12,"3":5,"4":4},"b":{"0":[0,9],"1":[1,8],"2":[1,3],"3":[6,6],"4":[6,6],"5":[6,6],"6":[6,6]},"meta":{"lastBranch":7,"lastFunction":5,"lastStatement":21,"seen":{"s:10:20:10:Infinity":0,"f:12:9:12:49":0,"b:13:2:13:Infinity:undefined:undefined:undefined:undefined":0,"s:13:2:13:Infinity":1,"s:13:37:13:Infinity":2,"s:14:2:19:Infinity":3,"s:15:19:15:Infinity":4,"s:16:4:16:Infinity":5,"b:16:21:16:70:16:70:16:Infinity":1,"s:18:4:18:Infinity":6,"f:22:9:22:22":1,"s:23:2:23:Infinity":7,"f:26:16:26:31":2,"s:27:34:27:Infinity":8,"s:29:2:32:Infinity":9,"f:29:12:29:18":3,"s:30:22:30:Infinity":10,"s:31:4:31:Infinity":11,"s:34:8:44:Infinity":12,"f:34:37:34:43":4,"s:35:22:35:Infinity":13,"b:36:4:42:Infinity:39:11:42:Infinity":2,"s:36:4:42:Infinity":14,"s:37:6:37:Infinity":15,"s:38:6:38:Infinity":16,"s:40:6:40:Infinity":17,"s:41:6:41:Infinity":18,"s:43:4:43:Infinity":19,"s:46:2:60:Infinity":20,"b:52:12:52:Infinity:53:12:53:Infinity":3,"b:56:31:56:42:56:42:56:Infinity":4,"b:58:50:58:67:58:67:58:71":5,"b:59:20:59:29:59:29:59:Infinity":6}}}
,"/home/innojini/dev/study/src/components/progress/NoteEditor.tsx": {"path":"/home/innojini/dev/study/src/components/progress/NoteEditor.tsx","statementMap":{"0":{"start":{"line":10,"column":20},"end":{"line":10,"column":null}},"1":{"start":{"line":13,"column":2},"end":{"line":13,"column":null}},"2":{"start":{"line":13,"column":37},"end":{"line":13,"column":null}},"3":{"start":{"line":14,"column":2},"end":{"line":19,"column":null}},"4":{"start":{"line":15,"column":19},"end":{"line":15,"column":null}},"5":{"start":{"line":16,"column":4},"end":{"line":16,"column":null}},"6":{"start":{"line":18,"column":4},"end":{"line":18,"column":null}},"7":{"start":{"line":23,"column":2},"end":{"line":23,"column":null}},"8":{"start":{"line":27,"column":22},"end":{"line":27,"column":null}},"9":{"start":{"line":28,"column":30},"end":{"line":28,"column":null}},"10":{"start":{"line":29,"column":24},"end":{"line":29,"column":null}},"11":{"start":{"line":30,"column":8},"end":{"line":30,"column":null}},"12":{"start":{"line":32,"column":2},"end":{"line":37,"column":null}},"13":{"start":{"line":33,"column":18},"end":{"line":33,"column":null}},"14":{"start":{"line":34,"column":25},"end":{"line":34,"column":null}},"15":{"start":{"line":35,"column":4},"end":{"line":35,"column":null}},"16":{"start":{"line":36,"column":4},"end":{"line":36,"column":null}},"17":{"start":{"line":36,"column":22},"end":{"line":36,"column":null}},"18":{"start":{"line":39,"column":8},"end":{"line":49,"column":null}},"19":{"start":{"line":40,"column":18},"end":{"line":40,"column":null}},"20":{"start":{"line":41,"column":4},"end":{"line":45,"column":null}},"21":{"start":{"line":42,"column":6},"end":{"line":42,"column":null}},"22":{"start":{"line":44,"column":6},"end":{"line":44,"column":null}},"23":{"start":{"line":46,"column":4},"end":{"line":46,"column":null}},"24":{"start":{"line":47,"column":4},"end":{"line":47,"column":null}},"25":{"start":{"line":48,"column":4},"end":{"line":48,"column":null}},"26":{"start":{"line":48,"column":21},"end":{"line":48,"column":38}},"27":{"start":{"line":51,"column":8},"end":{"line":57,"column":null}},"28":{"start":{"line":52,"column":18},"end":{"line":52,"column":null}},"29":{"start":{"line":53,"column":4},"end":{"line":53,"column":null}},"30":{"start":{"line":54,"column":4},"end":{"line":54,"column":null}},"31":{"start":{"line":55,"column":4},"end":{"line":55,"column":null}},"32":{"start":{"line":56,"column":4},"end":{"line":56,"column":null}},"33":{"start":{"line":59,"column":8},"end":{"line":67,"column":null}},"34":{"start":{"line":61,"column":6},"end":{"line":64,"column":null}},"35":{"start":{"line":62,"column":8},"end":{"line":62,"column":null}},"36":{"start":{"line":63,"column":8},"end":{"line":63,"column":null}},"37":{"start":{"line":69,"column":2},"end":{"line":126,"column":null}},"38":{"start":{"line":74,"column":10},"end":{"line":74,"column":null}},"39":{"start":{"line":74,"column":32},"end":{"line":74,"column":37}},"40":{"start":{"line":75,"column":10},"end":{"line":77,"column":null}},"41":{"start":{"line":76,"column":12},"end":{"line":76,"column":null}},"42":{"start":{"line":76,"column":40},"end":{"line":76,"column":68}},"43":{"start":{"line":97,"column":29},"end":{"line":97,"column":null}}},"fnMap":{"0":{"name":"getNotes","decl":{"start":{"line":12,"column":9},"end":{"line":12,"column":44}},"loc":{"start":{"line":12,"column":44},"end":{"line":20,"column":null}},"line":12},"1":{"name":"saveNotes","decl":{"start":{"line":22,"column":9},"end":{"line":22,"column":19}},"loc":{"start":{"line":22,"column":56},"end":{"line":24,"column":null}},"line":22},"2":{"name":"NoteEditor","decl":{"start":{"line":26,"column":16},"end":{"line":26,"column":27}},"loc":{"start":{"line":26,"column":67},"end":{"line":128,"column":null}},"line":26},"3":{"name":"(anonymous_3)","decl":{"start":{"line":32,"column":12},"end":{"line":32,"column":18}},"loc":{"start":{"line":32,"column":18},"end":{"line":37,"column":5}},"line":32},"4":{"name":"(anonymous_4)","decl":{"start":{"line":39,"column":33},"end":{"line":39,"column":39}},"loc":{"start":{"line":39,"column":39},"end":{"line":49,"column":5}},"line":39},"5":{"name":"(anonymous_5)","decl":{"start":{"line":48,"column":15},"end":{"line":48,"column":21}},"loc":{"start":{"line":48,"column":21},"end":{"line":48,"column":38}},"line":48},"6":{"name":"(anonymous_6)","decl":{"start":{"line":51,"column":35},"end":{"line":51,"column":41}},"loc":{"start":{"line":51,"column":41},"end":{"line":57,"column":5}},"line":51},"7":{"name":"(anonymous_7)","decl":{"start":{"line":60,"column":4},"end":{"line":60,"column":5}},"loc":{"start":{"line":60,"column":53},"end":{"line":65,"column":null}},"line":60},"8":{"name":"(anonymous_8)","decl":{"start":{"line":73,"column":17},"end":{"line":73,"column":23}},"loc":{"start":{"line":73,"column":23},"end":{"line":78,"column":null}},"line":73},"9":{"name":"(anonymous_9)","decl":{"start":{"line":74,"column":22},"end":{"line":74,"column":23}},"loc":{"start":{"line":74,"column":32},"end":{"line":74,"column":37}},"line":74},"10":{"name":"(anonymous_10)","decl":{"start":{"line":76,"column":34},"end":{"line":76,"column":40}},"loc":{"start":{"line":76,"column":40},"end":{"line":76,"column":68}},"line":76},"11":{"name":"(anonymous_11)","decl":{"start":{"line":97,"column":22},"end":{"line":97,"column":23}},"loc":{"start":{"line":97,"column":29},"end":{"line":97,"column":null}},"line":97}},"branchMap":{"0":{"loc":{"start":{"line":13,"column":2},"end":{"line":13,"column":null}},"type":"if","locations":[{"start":{"line":13,"column":2},"end":{"line":13,"column":null}},{"start":{},"end":{}}],"line":13},"1":{"loc":{"start":{"line":16,"column":11},"end":{"line":16,"column":null}},"type":"cond-expr","locations":[{"start":{"line":16,"column":21},"end":{"line":16,"column":69}},{"start":{"line":16,"column":69},"end":{"line":16,"column":null}}],"line":16},"2":{"loc":{"start":{"line":34,"column":25},"end":{"line":34,"column":null}},"type":"binary-expr","locations":[{"start":{"line":34,"column":25},"end":{"line":34,"column":42}},{"start":{"line":34,"column":42},"end":{"line":34,"column":null}}],"line":34},"3":{"loc":{"start":{"line":36,"column":4},"end":{"line":36,"column":null}},"type":"if","locations":[{"start":{"line":36,"column":4},"end":{"line":36,"column":null}},{"start":{},"end":{}}],"line":36},"4":{"loc":{"start":{"line":41,"column":4},"end":{"line":45,"column":null}},"type":"if","locations":[{"start":{"line":41,"column":4},"end":{"line":45,"column":null}},{"start":{"line":43,"column":11},"end":{"line":45,"column":null}}],"line":41},"5":{"loc":{"start":{"line":61,"column":6},"end":{"line":64,"column":null}},"type":"if","locations":[{"start":{"line":61,"column":6},"end":{"line":64,"column":null}},{"start":{},"end":{}}],"line":61},"6":{"loc":{"start":{"line":61,"column":6},"end":{"line":61,"column":53}},"type":"binary-expr","locations":[{"start":{"line":61,"column":11},"end":{"line":61,"column":24}},{"start":{"line":61,"column":24},"end":{"line":61,"column":38}},{"start":{"line":61,"column":38},"end":{"line":61,"column":53}}],"line":61},"7":{"loc":{"start":{"line":75,"column":10},"end":{"line":77,"column":null}},"type":"if","locations":[{"start":{"line":75,"column":10},"end":{"line":77,"column":null}},{"start":{},"end":{}}],"line":75},"8":{"loc":{"start":{"line":83,"column":15},"end":{"line":83,"column":39}},"type":"cond-expr","locations":[{"start":{"line":83,"column":22},"end":{"line":83,"column":31}},{"start":{"line":83,"column":31},"end":{"line":83,"column":39}}],"line":83},"9":{"loc":{"start":{"line":84,"column":9},"end":{"line":88,"column":null}},"type":"binary-expr","locations":[{"start":{"line":84,"column":9},"end":{"line":84,"column":17}},{"start":{"line":84,"column":17},"end":{"line":84,"column":null}},{"start":{"line":85,"column":10},"end":{"line":88,"column":null}}],"line":84},"10":{"loc":{"start":{"line":87,"column":13},"end":{"line":87,"column":null}},"type":"cond-expr","locations":[{"start":{"line":87,"column":32},"end":{"line":87,"column":40}},{"start":{"line":87,"column":40},"end":{"line":87,"column":null}}],"line":87},"11":{"loc":{"start":{"line":92,"column":7},"end":{"line":124,"column":null}},"type":"binary-expr","locations":[{"start":{"line":92,"column":7},"end":{"line":92,"column":null}},{"start":{"line":93,"column":8},"end":{"line":124,"column":null}}],"line":92},"12":{"loc":{"start":{"line":110,"column":15},"end":{"line":110,"column":null}},"type":"cond-expr","locations":[{"start":{"line":110,"column":23},"end":{"line":110,"column":31}},{"start":{"line":110,"column":31},"end":{"line":110,"column":null}}],"line":110},"13":{"loc":{"start":{"line":113,"column":13},"end":{"line":121,"column":null}},"type":"binary-expr","locations":[{"start":{"line":113,"column":13},"end":{"line":113,"column":null}},{"start":{"line":114,"column":14},"end":{"line":121,"column":null}}],"line":113}},"s":{"0":1,"1":14,"2":0,"3":14,"4":14,"5":14,"6":0,"7":4,"8":35,"9":35,"10":35,"11":35,"12":35,"13":10,"14":10,"15":10,"16":10,"17":2,"18":35,"19":3,"20":3,"21":2,"22":1,"23":3,"24":3,"25":3,"26":0,"27":35,"28":1,"29":1,"30":1,"31":1,"32":1,"33":35,"34":1,"35":1,"36":1,"37":35,"38":7,"39":7,"40":7,"41":7,"42":7,"43":5},"f":{"0":14,"1":4,"2":35,"3":10,"4":3,"5":0,"6":1,"7":1,"8":7,"9":7,"10":7,"11":5},"b":{"0":[0,14],"1":[3,11],"2":[10,8],"3":[2,8],"4":[2,1],"5":[1,0],"6":[1,0,1],"7":[7,0],"8":[8,27],"9":[35,8,0],"10":[0,0],"11":[35,24],"12":[3,21],"13":[24,8]},"meta":{"lastBranch":14,"lastFunction":12,"lastStatement":44,"seen":{"s:10:20:10:Infinity":0,"f:12:9:12:44":0,"b:13:2:13:Infinity:undefined:undefined:undefined:undefined":0,"s:13:2:13:Infinity":1,"s:13:37:13:Infinity":2,"s:14:2:19:Infinity":3,"s:15:19:15:Infinity":4,"s:16:4:16:Infinity":5,"b:16:21:16:69:16:69:16:Infinity":1,"s:18:4:18:Infinity":6,"f:22:9:22:19":1,"s:23:2:23:Infinity":7,"f:26:16:26:27":2,"s:27:22:27:Infinity":8,"s:28:30:28:Infinity":9,"s:29:24:29:Infinity":10,"s:30:8:30:Infinity":11,"s:32:2:37:Infinity":12,"f:32:12:32:18":3,"s:33:18:33:Infinity":13,"s:34:25:34:Infinity":14,"b:34:25:34:42:34:42:34:Infinity":2,"s:35:4:35:Infinity":15,"b:36:4:36:Infinity:undefined:undefined:undefined:undefined":3,"s:36:4:36:Infinity":16,"s:36:22:36:Infinity":17,"s:39:8:49:Infinity":18,"f:39:33:39:39":4,"s:40:18:40:Infinity":19,"b:41:4:45:Infinity:43:11:45:Infinity":4,"s:41:4:45:Infinity":20,"s:42:6:42:Infinity":21,"s:44:6:44:Infinity":22,"s:46:4:46:Infinity":23,"s:47:4:47:Infinity":24,"s:48:4:48:Infinity":25,"f:48:15:48:21":5,"s:48:21:48:38":26,"s:51:8:57:Infinity":27,"f:51:35:51:41":6,"s:52:18:52:Infinity":28,"s:53:4:53:Infinity":29,"s:54:4:54:Infinity":30,"s:55:4:55:Infinity":31,"s:56:4:56:Infinity":32,"s:59:8:67:Infinity":33,"f:60:4:60:5":7,"b:61:6:64:Infinity:undefined:undefined:undefined:undefined":5,"s:61:6:64:Infinity":34,"b:61:11:61:24:61:24:61:38:61:38:61:53":6,"s:62:8:62:Infinity":35,"s:63:8:63:Infinity":36,"s:69:2:126:Infinity":37,"f:73:17:73:23":8,"s:74:10:74:Infinity":38,"f:74:22:74:23":9,"s:74:32:74:37":39,"b:75:10:77:Infinity:undefined:undefined:undefined:undefined":7,"s:75:10:77:Infinity":40,"s:76:12:76:Infinity":41,"f:76:34:76:40":10,"s:76:40:76:68":42,"b:83:22:83:31:83:31:83:39":8,"b:84:9:84:17:84:17:84:Infinity:85:10:88:Infinity":9,"b:87:32:87:40:87:40:87:Infinity":10,"b:92:7:92:Infinity:93:8:124:Infinity":11,"f:97:22:97:23":11,"s:97:29:97:Infinity":43,"b:110:23:110:31:110:31:110:Infinity":12,"b:113:13:113:Infinity:114:14:121:Infinity":13}}}
,"/home/innojini/dev/study/src/components/progress/ProgressDashboard.tsx": {"path":"/home/innojini/dev/study/src/components/progress/ProgressDashboard.tsx","statementMap":{"0":{"start":{"line":13,"column":20},"end":{"line":13,"column":null}},"1":{"start":{"line":16,"column":2},"end":{"line":16,"column":null}},"2":{"start":{"line":16,"column":37},"end":{"line":16,"column":null}},"3":{"start":{"line":17,"column":2},"end":{"line":22,"column":null}},"4":{"start":{"line":18,"column":19},"end":{"line":18,"column":null}},"5":{"start":{"line":19,"column":4},"end":{"line":19,"column":null}},"6":{"start":{"line":21,"column":4},"end":{"line":21,"column":null}},"7":{"start":{"line":26,"column":30},"end":{"line":26,"column":null}},"8":{"start":{"line":28,"column":2},"end":{"line":39,"column":null}},"9":{"start":{"line":29,"column":4},"end":{"line":29,"column":null}},"10":{"start":{"line":31,"column":26},"end":{"line":35,"column":null}},"11":{"start":{"line":32,"column":6},"end":{"line":34,"column":null}},"12":{"start":{"line":33,"column":8},"end":{"line":33,"column":null}},"13":{"start":{"line":37,"column":4},"end":{"line":37,"column":null}},"14":{"start":{"line":38,"column":4},"end":{"line":38,"column":null}},"15":{"start":{"line":38,"column":17},"end":{"line":38,"column":null}},"16":{"start":{"line":41,"column":38},"end":{"line":49,"column":null}},"17":{"start":{"line":51,"column":2},"end":{"line":57,"column":null}},"18":{"start":{"line":52,"column":4},"end":{"line":56,"column":null}},"19":{"start":{"line":53,"column":6},"end":{"line":55,"column":null}},"20":{"start":{"line":54,"column":8},"end":{"line":54,"column":null}},"21":{"start":{"line":59,"column":25},"end":{"line":59,"column":null}},"22":{"start":{"line":59,"column":53},"end":{"line":59,"column":72}},"23":{"start":{"line":60,"column":23},"end":{"line":60,"column":null}},"24":{"start":{"line":60,"column":51},"end":{"line":60,"column":66}},"25":{"start":{"line":62,"column":4},"end":{"line":62,"column":null}},"26":{"start":{"line":64,"column":2},"end":{"line":116,"column":null}},"27":{"start":{"line":86,"column":12},"end":{"line":88,"column":null}},"28":{"start":{"line":89,"column":29},"end":{"line":89,"column":null}},"29":{"start":{"line":91,"column":10},"end":{"line":112,"column":null}}},"fnMap":{"0":{"name":"getProgress","decl":{"start":{"line":15,"column":9},"end":{"line":15,"column":48}},"loc":{"start":{"line":15,"column":48},"end":{"line":23,"column":null}},"line":15},"1":{"name":"ProgressDashboard","decl":{"start":{"line":25,"column":16},"end":{"line":25,"column":47}},"loc":{"start":{"line":25,"column":47},"end":{"line":118,"column":null}},"line":25},"2":{"name":"(anonymous_2)","decl":{"start":{"line":28,"column":12},"end":{"line":28,"column":18}},"loc":{"start":{"line":28,"column":18},"end":{"line":39,"column":5}},"line":28},"3":{"name":"(anonymous_3)","decl":{"start":{"line":31,"column":26},"end":{"line":31,"column":27}},"loc":{"start":{"line":31,"column":53},"end":{"line":35,"column":null}},"line":31},"4":{"name":"(anonymous_4)","decl":{"start":{"line":38,"column":11},"end":{"line":38,"column":17}},"loc":{"start":{"line":38,"column":17},"end":{"line":38,"column":null}},"line":38},"5":{"name":"(anonymous_5)","decl":{"start":{"line":59,"column":41},"end":{"line":59,"column":42}},"loc":{"start":{"line":59,"column":53},"end":{"line":59,"column":72}},"line":59},"6":{"name":"(anonymous_6)","decl":{"start":{"line":60,"column":39},"end":{"line":60,"column":40}},"loc":{"start":{"line":60,"column":51},"end":{"line":60,"column":66}},"line":60},"7":{"name":"(anonymous_7)","decl":{"start":{"line":84,"column":22},"end":{"line":84,"column":23}},"loc":{"start":{"line":84,"column":35},"end":{"line":114,"column":9}},"line":84}},"branchMap":{"0":{"loc":{"start":{"line":16,"column":2},"end":{"line":16,"column":null}},"type":"if","locations":[{"start":{"line":16,"column":2},"end":{"line":16,"column":null}},{"start":{},"end":{}}],"line":16},"1":{"loc":{"start":{"line":19,"column":11},"end":{"line":19,"column":null}},"type":"cond-expr","locations":[{"start":{"line":19,"column":21},"end":{"line":19,"column":70}},{"start":{"line":19,"column":70},"end":{"line":19,"column":null}}],"line":19},"2":{"loc":{"start":{"line":32,"column":6},"end":{"line":34,"column":null}},"type":"if","locations":[{"start":{"line":32,"column":6},"end":{"line":34,"column":null}},{"start":{},"end":{}}],"line":32},"3":{"loc":{"start":{"line":53,"column":6},"end":{"line":55,"column":null}},"type":"if","locations":[{"start":{"line":53,"column":6},"end":{"line":55,"column":null}},{"start":{},"end":{}}],"line":53},"4":{"loc":{"start":{"line":53,"column":10},"end":{"line":53,"column":58}},"type":"binary-expr","locations":[{"start":{"line":53,"column":10},"end":{"line":53,"column":51}},{"start":{"line":53,"column":51},"end":{"line":53,"column":58}}],"line":53},"5":{"loc":{"start":{"line":62,"column":4},"end":{"line":62,"column":null}},"type":"cond-expr","locations":[{"start":{"line":62,"column":23},"end":{"line":62,"column":75}},{"start":{"line":62,"column":75},"end":{"line":62,"column":null}}],"line":62},"6":{"loc":{"start":{"line":86,"column":12},"end":{"line":88,"column":null}},"type":"cond-expr","locations":[{"start":{"line":87,"column":16},"end":{"line":87,"column":null}},{"start":{"line":88,"column":16},"end":{"line":88,"column":null}}],"line":86},"7":{"loc":{"start":{"line":93,"column":15},"end":{"line":96,"column":null}},"type":"cond-expr","locations":[{"start":{"line":94,"column":16},"end":{"line":94,"column":null}},{"start":{"line":96,"column":16},"end":{"line":96,"column":null}}],"line":93},"8":{"loc":{"start":{"line":107,"column":20},"end":{"line":107,"column":null}},"type":"cond-expr","locations":[{"start":{"line":107,"column":33},"end":{"line":107,"column":52}},{"start":{"line":107,"column":52},"end":{"line":107,"column":null}}],"line":107}},"s":{"0":1,"1":10,"2":0,"3":10,"4":10,"5":10,"6":0,"7":19,"8":19,"9":9,"10":9,"11":2,"12":1,"13":9,"14":9,"15":9,"16":19,"17":19,"18":133,"19":49,"20":7,"21":19,"22":133,"23":19,"24":133,"25":19,"26":19,"27":133,"28":133,"29":133},"f":{"0":10,"1":19,"2":9,"3":2,"4":9,"5":133,"6":133,"7":133},"b":{"0":[0,10],"1":[4,6],"2":[1,1],"3":[7,42],"4":[49,7],"5":[19,0],"6":[133,0],"7":[1,132],"8":[1,132]},"meta":{"lastBranch":9,"lastFunction":8,"lastStatement":30,"seen":{"s:13:20:13:Infinity":0,"f:15:9:15:48":0,"b:16:2:16:Infinity:undefined:undefined:undefined:undefined":0,"s:16:2:16:Infinity":1,"s:16:37:16:Infinity":2,"s:17:2:22:Infinity":3,"s:18:19:18:Infinity":4,"s:19:4:19:Infinity":5,"b:19:21:19:70:19:70:19:Infinity":1,"s:21:4:21:Infinity":6,"f:25:16:25:47":1,"s:26:30:26:Infinity":7,"s:28:2:39:Infinity":8,"f:28:12:28:18":2,"s:29:4:29:Infinity":9,"s:31:26:35:Infinity":10,"f:31:26:31:27":3,"b:32:6:34:Infinity:undefined:undefined:undefined:undefined":2,"s:32:6:34:Infinity":11,"s:33:8:33:Infinity":12,"s:37:4:37:Infinity":13,"s:38:4:38:Infinity":14,"f:38:11:38:17":4,"s:38:17:38:Infinity":15,"s:41:38:49:Infinity":16,"s:51:2:57:Infinity":17,"s:52:4:56:Infinity":18,"b:53:6:55:Infinity:undefined:undefined:undefined:undefined":3,"s:53:6:55:Infinity":19,"b:53:10:53:51:53:51:53:58":4,"s:54:8:54:Infinity":20,"s:59:25:59:Infinity":21,"f:59:41:59:42":5,"s:59:53:59:72":22,"s:60:23:60:Infinity":23,"f:60:39:60:40":6,"s:60:51:60:66":24,"s:62:4:62:Infinity":25,"b:62:23:62:75:62:75:62:Infinity":5,"s:64:2:116:Infinity":26,"f:84:22:84:23":7,"s:86:12:88:Infinity":27,"b:87:16:87:Infinity:88:16:88:Infinity":6,"s:89:29:89:Infinity":28,"s:91:10:112:Infinity":29,"b:94:16:94:Infinity:96:16:96:Infinity":7,"b:107:33:107:52:107:52:107:Infinity":8}}}
,"/home/innojini/dev/study/src/components/ui/Badge.tsx": {"path":"/home/innojini/dev/study/src/components/ui/Badge.tsx","statementMap":{"0":{"start":{"line":11,"column":52},"end":{"line":22,"column":null}},"1":{"start":{"line":29,"column":2},"end":{"line":34,"column":null}}},"fnMap":{"0":{"name":"Badge","decl":{"start":{"line":24,"column":16},"end":{"line":24,"column":22}},"loc":{"start":{"line":28,"column":26},"end":{"line":36,"column":null}},"line":28}},"branchMap":{"0":{"loc":{"start":{"line":25,"column":2},"end":{"line":25,"column":null}},"type":"default-arg","locations":[{"start":{"line":25,"column":12},"end":{"line":25,"column":null}}],"line":25},"1":{"loc":{"start":{"line":27,"column":2},"end":{"line":27,"column":null}},"type":"default-arg","locations":[{"start":{"line":27,"column":14},"end":{"line":27,"column":null}}],"line":27}},"s":{"0":3,"1":30},"f":{"0":30},"b":{"0":[30],"1":[30]},"meta":{"lastBranch":2,"lastFunction":1,"lastStatement":2,"seen":{"s:11:52:22:Infinity":0,"f:24:16:24:22":0,"b:25:12:25:Infinity":0,"b:27:14:27:Infinity":1,"s:29:2:34:Infinity":1}}}
,"/home/innojini/dev/study/src/components/ui/Button.tsx": {"path":"/home/innojini/dev/study/src/components/ui/Button.tsx","statementMap":{"0":{"start":{"line":14,"column":53},"end":{"line":23,"column":null}},"1":{"start":{"line":25,"column":47},"end":{"line":29,"column":null}},"2":{"start":{"line":31,"column":6},"end":{"line":47,"column":null}},"3":{"start":{"line":36,"column":4},"end":{"line":44,"column":null}}},"fnMap":{"0":{"name":"Button2","decl":{"start":{"line":32,"column":11},"end":{"line":32,"column":null}},"loc":{"start":{"line":35,"column":4},"end":{"line":46,"column":null}},"line":35}},"branchMap":{"0":{"loc":{"start":{"line":33,"column":6},"end":{"line":33,"column":27}},"type":"default-arg","locations":[{"start":{"line":33,"column":16},"end":{"line":33,"column":27}}],"line":33},"1":{"loc":{"start":{"line":33,"column":27},"end":{"line":33,"column":40}},"type":"default-arg","locations":[{"start":{"line":33,"column":34},"end":{"line":33,"column":40}}],"line":33},"2":{"loc":{"start":{"line":33,"column":40},"end":{"line":33,"column":56}},"type":"default-arg","locations":[{"start":{"line":33,"column":52},"end":{"line":33,"column":56}}],"line":33}},"s":{"0":2,"1":2,"2":2,"3":32},"f":{"0":32},"b":{"0":[32],"1":[32],"2":[32]},"meta":{"lastBranch":3,"lastFunction":1,"lastStatement":4,"seen":{"s:14:53:23:Infinity":0,"s:25:47:29:Infinity":1,"s:31:6:47:Infinity":2,"f:32:11:32:Infinity":0,"b:33:16:33:27":0,"b:33:34:33:40":1,"b:33:52:33:56":2,"s:36:4:44:Infinity":3}}}
,"/home/innojini/dev/study/src/components/ui/Tooltip.tsx": {"path":"/home/innojini/dev/study/src/components/ui/Tooltip.tsx","statementMap":{"0":{"start":{"line":24,"column":22},"end":{"line":24,"column":null}},"1":{"start":{"line":25,"column":8},"end":{"line":25,"column":null}},"2":{"start":{"line":27,"column":8},"end":{"line":30,"column":null}},"3":{"start":{"line":28,"column":4},"end":{"line":28,"column":null}},"4":{"start":{"line":28,"column":28},"end":{"line":28,"column":null}},"5":{"start":{"line":29,"column":4},"end":{"line":29,"column":null}},"6":{"start":{"line":29,"column":42},"end":{"line":29,"column":57}},"7":{"start":{"line":32,"column":8},"end":{"line":35,"column":null}},"8":{"start":{"line":33,"column":4},"end":{"line":33,"column":null}},"9":{"start":{"line":33,"column":28},"end":{"line":33,"column":null}},"10":{"start":{"line":34,"column":4},"end":{"line":34,"column":null}},"11":{"start":{"line":37,"column":24},"end":{"line":39,"column":null}},"12":{"start":{"line":41,"column":2},"end":{"line":58,"column":null}}},"fnMap":{"0":{"name":"Tooltip","decl":{"start":{"line":18,"column":16},"end":{"line":18,"column":24}},"loc":{"start":{"line":23,"column":28},"end":{"line":60,"column":null}},"line":23},"1":{"name":"(anonymous_1)","decl":{"start":{"line":27,"column":27},"end":{"line":27,"column":33}},"loc":{"start":{"line":27,"column":33},"end":{"line":30,"column":5}},"line":27},"2":{"name":"(anonymous_2)","decl":{"start":{"line":29,"column":36},"end":{"line":29,"column":42}},"loc":{"start":{"line":29,"column":42},"end":{"line":29,"column":57}},"line":29},"3":{"name":"(anonymous_3)","decl":{"start":{"line":32,"column":27},"end":{"line":32,"column":33}},"loc":{"start":{"line":32,"column":33},"end":{"line":35,"column":5}},"line":32}},"branchMap":{"0":{"loc":{"start":{"line":21,"column":2},"end":{"line":21,"column":null}},"type":"default-arg","locations":[{"start":{"line":21,"column":9},"end":{"line":21,"column":null}}],"line":21},"1":{"loc":{"start":{"line":22,"column":2},"end":{"line":22,"column":null}},"type":"default-arg","locations":[{"start":{"line":22,"column":14},"end":{"line":22,"column":null}}],"line":22},"2":{"loc":{"start":{"line":28,"column":4},"end":{"line":28,"column":null}},"type":"if","locations":[{"start":{"line":28,"column":4},"end":{"line":28,"column":null}},{"start":{},"end":{}}],"line":28},"3":{"loc":{"start":{"line":33,"column":4},"end":{"line":33,"column":null}},"type":"
[...]
,"/home/innojini/dev/study/src/lib/search.ts": {"path":"/home/innojini/dev/study/src/lib/search.ts","statementMap":{"0":{"start":{"line":37,"column":20},"end":{"line":40,"column":null}},"1":{"start":{"line":42,"column":20},"end":{"line":42,"column":null}},"2":{"start":{"line":43,"column":21},"end":{"line":43,"column":null}},"3":{"start":{"line":44,"column":18},"end":{"line":44,"column":null}},"4":{"start":{"line":47,"column":22},"end":{"line":47,"column":null}},"5":{"start":{"line":48,"column":4},"end":{"line":48,"column":null}},"6":{"start":{"line":49,"column":4},"end":{"line":49,"column":null}},"7":{"start":{"line":51,"column":27},"end":{"line":51,"column":null}},"8":{"start":{"line":52,"column":4},"end":{"line":52,"column":null}},"9":{"start":{"line":56,"column":20},"end":{"line":56,"column":null}},"10":{"start":{"line":57,"column":4},"end":{"line":72,"column":null}},"11":{"start":{"line":59,"column":22},"end":{"line":59,"column":null}},"12":{"start":{"line":60,"column":8},"end":{"line":60,"column":null}},"13":{"start":{"line":60,"column":20},"end":{"line":60,"column":null}},"14":{"start":{"line":61,"column":20},"end":{"line":61,"column":null}},"15":{"start":{"line":62,"column":8},"end":{"line":62,"column":null}},"16":{"start":{"line":62,"column":18},"end":{"line":62,"column":null}},"17":{"start":{"line":63,"column":8},"end":{"line":70,"column":null}},"18":{"start":{"line":72,"column":40},"end":{"line":72,"column":50}},"19":{"start":{"line":76,"column":4},"end":{"line":76,"column":null}},"20":{"start":{"line":80,"column":4},"end":{"line":82,"column":null}},"21":{"start":{"line":81,"column":6},"end":{"line":81,"column":null}},"22":{"start":{"line":85,"column":2},"end":{"line":90,"column":null}},"23":{"start":{"line":94,"column":2},"end":{"line":94,"column":null}},"24":{"start":{"line":102,"column":2},"end":{"line":102,"column":null}},"25":{"start":{"line":105,"column":38},"end":{"line":105,"column":null}},"26":{"start":{"line":108,"column":2},"end":{"line":108,"column":null}},"27":{"start":{"line":109,"column":2},"end":{"line":111,"column":null}},"28":{"start":{"line":110,"column":4},"end":{"line":110,"column":null}},"29":{"start":{"line":115,"column":2},"end":{"line":115,"column":null}},"30":{"start":{"line":115,"column":20},"end":{"line":115,"column":null}},"31":{"start":{"line":116,"column":2},"end":{"line":116,"column":null}}},"fnMap":{"0":{"name":"createSearchIndex","decl":{"start":{"line":36,"column":16},"end":{"line":36,"column":49}},"loc":{"start":{"line":36,"column":49},"end":{"line":91,"column":null}},"line":36},"1":{"name":"add","decl":{"start":{"line":46,"column":11},"end":{"line":46,"column":15}},"loc":{"start":{"line":46,"column":42},"end":{"line":53,"column":null}},"line":46},"2":{"name":"search2","decl":{"start":{"line":55,"column":11},"end":{"line":55,"column":18}},"loc":{"start":{"line":55,"column":49},"end":{"line":73,"column":null}},"line":55},"3":{"name":"(anonymous_3)","decl":{"start":{"line":58,"column":11},"end":{"line":58,"column":12}},"loc":{"start":{"line":58,"column":22},"end":{"line":71,"column":7}},"line":58},"4":{"name":"(anonymous_4)","decl":{"start":{"line":72,"column":14},"end":{"line":72,"column":15}},"loc":{"start":{"line":72,"column":40},"end":{"line":72,"column":50}},"line":72},"5":{"name":"exportIndex","decl":{"start":{"line":75,"column":11},"end":{"line":75,"column":42}},"loc":{"start":{"line":75,"column":42},"end":{"line":77,"column":null}},"line":75},"6":{"name":"importIndex","decl":{"start":{"line":79,"column":11},"end":{"line":79,"column":23}},"loc":{"start":{"line":79,"column":52},"end":{"line":83,"column":null}},"line":79},"7":{"name":"searchContent","decl":{"start":{"line":93,"column":16},"end":{"line":93,"column":30}},"loc":{"start":{"line":93,"column":81},"end":{"line":95,"column":null}},"line":93},"8":{"name":"getAutocompleteSuggestions","decl":{"start":{"line":97,"column":16},"end":{"line":97,"column":null}},"loc":{"start":{"line":101,"column":18},"end":{"line":103,"column":null}},"line":101},"9":{"name":"initializeSearchIndex","decl":{"start":{"line":107,"column":16},"end":{"line":107,"column":38}},"loc":{"start":{"line":107,"column":68},"end":{"line":112,"column":null}},"line":107},"10":{"name":"search","decl":{"start":{"line":114,"column":22},"end":{"line":114,"column":29}},"loc":{"start":{"line":114,"column":69},"end":{"line":117,"column":null}},"line":114}},"branchMap":{"0":{"loc":{"start":{"line":60,"column":8},"end":{"line":60,"column":null}},"type":"if","locations":[{"start":{"line":60,"column":8},"end":{"line":60,"column":null}},{"start":{},"end":{}}],"line":60},"1":{"loc":{"start":{"line":62,"column":8},"end":{"line":62,"column":null}},"type":"if","locations":[{"start":{"line":62,"column":8},"end":{"line":62,"column":null}},{"start":{},"end":{}}],"line":62},"2":{"loc":{"start":{"line":67,"column":16},"end":{"line":67,"column":null}},"type":"binary-expr","locations":[{"start":{"line":67,"column":16},"end":{"line":67,"column":28}},{"start":{"line":67,"column":28},"end":{"line":67,"column":null}}],"line":67},"3":{"loc":{"start":{"line":69,"column":22},"end":{"line":69,"column":null}},"type":"binary-expr","locations":[{"start":{"line":69,"column":22},"end":{"line":69,"column":41}},{"start":{"line":69,"column":41},"end":{"line":69,"column":87}},{"start":{"line":69,"column":87},"end":{"line":69,"column":null}}],"line":69},"4":{"loc":{"start":{"line":100,"column":2},"end":{"line":100,"column":null}},"type":"default-arg","locations":[{"start":{"line":100,"column":10},"end":{"line":100,"column":null}}],"line":100},"5":{"loc":{"start":{"line":115,"column":2},"end":{"line":115,"column":null}},"type":"if","locations":[{"start":{"line":115,"column":2},"end":{"line":115,"column":null}},{"start":{},"end":{}}],"line":115}},"s":{"0":39,"1":39,"2":39,"3":39,"4":162,"5":162,"6":162,"7":162,"8":162,"9":38,"10":38,"11":41,"12":41,"13":0,"14":41,"15":41,"16":0,"17":41,"18":41,"19":4,"20":3,"21":14,"22":39,"23":25,"24":8,"25":3,"26":1,"27":1,"28":5,"29":1,"30":0,"31":1},"f":{"0":39,"1":162,"2":38,"3":41,"4":41,"5":4,"6":3,"7":25,"8":8,"9":1,"10":1},"b":{"0":[0,41],"1":[0,41],"2":[41,41],"3":[41,41,13],"4":[8],"5":[0,1]},"meta":{"lastBranch":6,"lastFunction":11,"lastStatement":32,"seen":{"f:36:16:36:49":0,"s:37:20:40:Infinity":0,"s:42:20:42:Infinity":1,"s:43:21:43:Infinity":2,"s:44:18:44:Infinity":3,"f:46:11:46:15":1,"s:47:22:47:Infinity":4,"s:48:4:48:Infinity":5,"s:49:4:49:Infinity":6,"s:51:27:51:Infinity":7,"s:52:4:52:Infinity":8,"f:55:11:55:18":2,"s:56:20:56:Infinity":9,"s:57:4:72:Infinity":10,"f:58:11:58:12":3,"s:59:22:59:Infinity":11,"b:60:8:60:Infinity:undefined:undefined:undefined:undefined":0,"s:60:8:60:Infinity":12,"s:60:20:60:Infinity":13,"s:61:20:61:Infinity":14,"b:62:8:62:Infinity:undefined:undefined:undefined:undefined":1,"s:62:8:62:Infinity":15,"s:62:18:62:Infinity":16,"s:63:8:70:Infinity":17,"b:67:16:67:28:67:28:67:Infinity":2,"b:69:22:69:41:69:41:69:87:69:87:69:Infinity":3,"f:72:14:72:15":4,"s:72:40:72:50":18,"f:75:11:75:42":5,"s:76:4:76:Infinity":19,"f:79:11:79:23":6,"s:80:4:82:Infinity":20,"s:81:6:81:Infinity":21,"s:85:2:90:Infinity":22,"f:93:16:93:30":7,"s:94:2:94:Infinity":23,"f:97:16:97:Infinity":8,"b:100:10:100:Infinity":4,"s:102:2:102:Infinity":24,"s:105:38:105:Infinity":25,"f:107:16:107:38":9,"s:108:2:108:Infinity":26,"s:109:2:111:Infinity":27,"s:110:4:110:Infinity":28,"f:114:22:114:29":10,"b:115:2:115:Infinity:undefined:undefined:undefined:undefined":5,"s:115:2:115:Infinity":29,"s:115:20:115:Infinity":30,"s:116:2:116:Infinity":31}}}
,"/home/innojini/dev/study/src/lib/storage.ts": {"path":"/home/innojini/dev/study/src/lib/storage.ts","statementMap":{"0":{"start":{"line":1,"column":23},"end":{"line":1,"column":null}},"1":{"start":{"line":2,"column":26},"end":{"line":2,"column":null}},"2":{"start":{"line":25,"column":2},"end":{"line":25,"column":null}},"3":{"start":{"line":29,"column":2},"end":{"line":35,"column":null}},"4":{"start":{"line":30,"column":16},"end":{"line":30,"column":null}},"5":{"start":{"line":31,"column":4},"end":{"line":31,"column":null}},"6":{"start":{"line":31,"column":22},"end":{"line":31,"column":null}},"7":{"start":{"line":32,"column":4},"end":{"line":32,"column":null}},"8":{"start":{"line":34,"column":4},"end":{"line":34,"column":null}},"9":{"start":{"line":39,"column":2},"end":{"line":39,"column":null}},"10":{"start":{"line":43,"column":2},"end":{"line":43,"column":null}},"11":{"start":{"line":47,"column":2},"end":{"line":47,"column":null}},"12":{"start":{"line":51,"column":2},"end":{"line":51,"column":null}},"13":{"start":{"line":55,"column":20},"end":{"line":55,"column":null}},"14":{"start":{"line":56,"column":2},"end":{"line":56,"column":null}},"15":{"start":{"line":56,"column":28},"end":{"line":56,"column":48}},"16":{"start":{"line":56,"column":51},"end":{"line":56,"column":null}},"17":{"start":{"line":57,"column":2},"end":{"line":57,"column":null}},"18":{"start":{"line":58,"column":2},"end":{"line":58,"column":null}},"19":{"start":{"line":62,"column":20},"end":{"line":62,"column":null}},"20":{"start":{"line":62,"column":49},"end":{"line":62,"column":60}},"21":{"start":{"line":63,"column":2},"end":{"line":63,"column":null}},"22":{"start":{"line":67,"column":2},"end":{"line":67,"column":null}},"23":{"start":{"line":71,"column":16},"end":{"line":71,"column":null}},"24":{"start":{"line":72,"column":2},"end":{"line":72,"column":null}},"25":{"start":{"line":73,"column":2},"end":{"line":73,"column":null}},"26":{"start":{"line":77,"column":16},"end":{"line":77,"column":null}},"27":{"start":{"line":78,"column":2},"end":{"line":78,"column":null}},"28":{"start":{"line":79,"column":2},"end":{"line":79,"column":null}},"29":{"start":{"line":83,"column":2},"end":{"line":83,"column":null}},"30":{"start":{"line":84,"column":2},"end":{"line":84,"column":null}},"31":{"start":{"line":85,"column":2},"end":{"line":85,"column":null}},"32":{"start":{"line":89,"column":18},"end":{"line":89,"column":null}},"33":{"start":{"line":90,"column":2},"end":{"line":98,"column":null}},"34":{"start":{"line":90,"column":15},"end":{"line":90,"column":18}},"35":{"start":{"line":91,"column":16},"end":{"line":91,"column":null}},"36":{"start":{"line":92,"column":4},"end":{"line":97,"column":null}},"37":{"start":{"line":93,"column":20},"end":{"line":93,"column":null}},"38":{"start":{"line":94,"column":6},"end":{"line":96,"column":null}},"39":{"start":{"line":95,"column":8},"end":{"line":95,"column":null}},"40":{"start":{"line":100,"column":2},"end":{"line":104,"column":null}}},"fnMap":{"0":{"name":"getKey","decl":{"start":{"line":24,"column":9},"end":{"line":24,"column":16}},"loc":{"start":{"line":24,"column":38},"end":{"line":26,"column":null}},"line":24},"1":{"name":"readJSON","decl":{"start":{"line":28,"column":9},"end":{"line":28,"column":21}},"loc":{"start":{"line":28,"column":50},"end":{"line":36,"column":null}},"line":28},"2":{"name":"writeJSON","decl":{"start":{"line":38,"column":9},"end":{"line":38,"column":22}},"loc":{"start":{"line":38,"column":51},"end":{"line":40,"column":null}},"line":38},"3":{"name":"getProgress","decl":{"start":{"line":42,"column":16},"end":{"line":42,"column":40}},"loc":{"start":{"line":42,"column":40},"end":{"line":44,"column":null}},"line":42},"4":{"name":"setProgress","decl":{"start":{"line":46,"column":16},"end":{"line":46,"column":28}},"loc":{"start":{"line":46,"column":50},"end":{"line":48,"column":null}},"line":46},"5":{"name":"getBookmarks","decl":{"start":{"line":50,"column":16},"end":{"line":50,"column":43}},"loc":{"start":{"line":50,"column":43},"end":{"line":52,"column":null}},"line":50},"6":{"name":"addBookmark","decl":{"start":{"line":54,"column":16},"end":{"line":54,"column":28}},"loc":{"start":{"line":54,"column":54},"end":{"line":59,"column":null}},"line":54},"7":{"name":"(anonymous_7)","decl":{"start":{"line":56,"column":21},"end":{"line":56,"column":22}},"loc":{"start":{"line":56,"column":28},"end":{"line":56,"column":48}},"line":56},"8":{"name":"removeBookmark","decl":{"start":{"line":61,"column":16},"end":{"line":61,"column":31}},"loc":{"start":{"line":61,"column":49},"end":{"line":64,"column":null}},"line":61},"9":{"name":"(anonymous_9)","decl":{"start":{"line":62,"column":42},"end":{"line":62,"column":43}},"loc":{"start":{"line":62,"column":49},"end":{"line":62,"column":60}},"line":62},"10":{"name":"getNotes","decl":{"start":{"line":66,"column":16},"end":{"line":66,"column":34}},"loc":{"start":{"line":66,"column":34},"end":{"line":68,"column":null}},"line":66},"11":{"name":"setNote","decl":{"start":{"line":70,"column":16},"end":{"line":70,"column":24}},"loc":{"start":{"line":70,"column":58},"end":{"line":74,"column":null}},"line":70},"12":{"name":"deleteNote","decl":{"start":{"line":76,"column":16},"end":{"line":76,"column":27}},"loc":{"start":{"line":76,"column":49},"end":{"line":80,"column":null}},"line":76},"13":{"name":"clearAllData","decl":{"start":{"line":82,"column":16},"end":{"line":82,"column":37}},"loc":{"start":{"line":82,"column":37},"end":{"line":86,"column":null}},"line":82},"14":{"name":"getStorageUsage","decl":{"start":{"line":88,"column":16},"end":{"line":88,"column":95}},"loc":{"start":{"line":88,"column":95},"end":{"line":105,"column":null}},"line":88}},"branchMap":{"0":{"loc":{"start":{"line":31,"column":4},"end":{"line":31,"column":null}},"type":"if","locations":[{"start":{"line":31,"column":4},"end":{"line":31,"column":null}},{"start":{},"end":{}}],"line":31},"1":{"loc":{"start":{"line":56,"column":2},"end":{"line":56,"column":null}},"type":"if","locations":[{"start":{"line":56,"column":2},"end":{"line":56,"column":null}},{"start":{},"end":{}}],"line":56},"2":{"loc":{"start":{"line":92,"column":4},"end":{"line":97,"column":null}},"type":"if","locations":[{"start":{"line":92,"column":4},"end":{"line":97,"column":null}},{"start":{},"end":{}}],"line":92},"3":{"loc":{"start":{"line":94,"column":6},"end":{"line":96,"column":null}},"type":"if","locations":[{"start":{"line":94,"column":6},"end":{"line":96,"column":null}},{"start":{},"end":{}}],"line":94}},"s":{"0":3,"1":3,"2":147,"3":87,"4":87,"5":87,"6":39,"7":48,"8":4,"9":51,"10":20,"11":17,"12":35,"13":15,"14":15,"15":4,"16":2,"17":13,"18":13,"19":4,"20":4,"21":4,"22":32,"23":12,"24":12,"25":12,"26":5,"27":5,"28":5,"29":3,"30":3,"31":3,"32":3,"33":3,"34":3,"35":2,"36":2,"37":2,"38":2,"39":2,"40":3},"f":{"0":147,"1":87,"2":51,"3":20,"4":17,"5":35,"6":15,"7":4,"8":4,"9":4,"10":32,"11":12,"12":5,"13":3,"14":3},"b":{"0":[39,48],"1":[2,13],"2":[2,0],"3":[2,0]},"meta":{"lastBranch":4,"lastFunction":15,"lastStatement":41,"seen":{"s:1:23:1:Infinity":0,"s:2:26:2:Infinity":1,"f:24:9:24:16":0,"s:25:2:25:Infinity":2,"f:28:9:28:21":1,"s:29:2:35:Infinity":3,"s:30:16:30:Infinity":4,"b:31:4:31:Infinity:undefined:undefined:undefined:undefined":0,"s:31:4:31:Infinity":5,"s:31:22:31:Infinity":6,"s:32:4:32:Infinity":7,"s:34:4:34:Infinity":8,"f:38:9:38:22":2,"s:39:2:39:Infinity":9,"f:42:16:42:40":3,"s:43:2:43:Infinity":10,"f:46:16:46:28":4,"s:47:2:47:Infinity":11,"f:50:16:50:43":5,"s:51:2:51:Infinity":12,"f:54:16:54:28":6,"s:55:20:55:Infinity":13,"b:56:2:56:Infinity:undefined:undefined:undefined:undefined":1,"s:56:2:56:Infinity":14,"f:56:21:56:22":7,"s:56:28:56:48":15,"s:56:51:56:Infinity":16,"s:57:2:57:Infinity":17,"s:58:2:58:Infinity":18,"f:61:16:61:31":8,"s:62:20:62:Infinity":19,"f:62:42:62:43":9,"s:62:49:62:60":20,"s:63:2:63:Infinity":21,"f:66:16:66:34":10,"s:67:2:67:Infinity":22,"f:70:16:70:24":11,"s:71:16:71:Infinity":23,"s:72:2:72:Infinity":24,"s:73:2:73:Infinity":25,"f:76:16:76:27":12,"s:77:16:77:Infinity":26,"s:78:2:78:Infinity":27,"s:79:2:79:Infinity":28,"f:82:16:82:37":13,"s:83:2:83:Infinity":29,"s:84:2:84:Infinity":30,"s:85:2:85:Infinity":31,"f:88:16:88:95":14,"s:89:18:89:Infinity":32,"s:90:2:98:Infinity":33,"s:90:15:90:18":34,"s:91:16:91:Infinity":35,"b:92:4:97:Infinity:undefined:undefined:undefined:undefined":2,"s:92:4:97:Infinity":36,"s:93:20:93:Infinity":37,"b:94:6:96:Infinity:undefined:undefined:undefined:undefined":3,"s:94:6:96:Infinity":38,"s:95:8:95:Infinity":39,"s:100:2:104:Infinity":40}}}
,"/home/innojini/dev/study/src/lib/datasets/index.ts": {"path":"/home/innojini/dev/study/src/lib/datasets/index.ts","statementMap":{"0":{"start":{"line":9,"column":56},"end":{"line":13,"column":null}},"1":{"start":{"line":10,"column":22},"end":{"line":10,"column":null}},"2":{"start":{"line":10,"column":74},"end":{"line":10,"column":null}},"3":{"start":{"line":11,"column":26},"end":{"line":11,"column":null}},"4":{"start":{"line":11,"column":82},"end":{"line":11,"column":null}},"5":{"start":{"line":12,"column":20},"end":{"line":12,"column":null}},"6":{"start":{"line":12,"column":70},"end":{"line":12,"column":null}},"7":{"start":{"line":15,"column":38},"end":{"line":37,"column":null}},"8":{"start":{"line":40,"column":17},"end":{"line":40,"column":null}},"9":{"start":{"line":41,"column":2},"end":{"line":43,"column":null}},"10":{"start":{"line":42,"column":4},"end":{"line":42,"column":null}},"11":{"start":{"line":44,"column":2},"end":{"line":44,"column":null}},"12":{"start":{"line":48,"column":2},"end":{"line":48,"column":null}}},"fnMap":{"0":{"name":"(anonymous_0)","decl":{"start":{"line":10,"column":16},"end":{"line":10,"column":22}},"loc":{"start":{"line":10,"column":22},"end":{"line":10,"column":null}},"line":10},"1":{"name":"(anonymous_1)","decl":{"start":{"line":10,"column":74},"end":{"line":10,"column":null}},"loc":{"start":{"line":10,"column":74},"end":{"line":10,"column":null}},"line":10},"2":{"name":"(anonymous_2)","decl":{"start":{"line":11,"column":20},"end":{"line":11,"column":26}},"loc":{"start":{"line":11,"column":26},"end":{"line":11,"column":null}},"line":11},"3":{"name":"(anonymous_3)","decl":{"start":{"line":11,"column":82},"end":{"line":11,"column":null}},"loc":{"start":{"line":11,"column":82},"end":{"line":11,"column":null}},"line":11},"4":{"name":"(anonymous_4)","decl":{"start":{"line":12,"column":14},"end":{"line":12,"column":20}},"loc":{"start":{"line":12,"column":20},"end":{"line":12,"column":null}},"line":12},"5":{"name":"(anonymous_5)","decl":{"start":{"line":12,"column":70},"end":{"line":12,"column":null}},"loc":{"start":{"line":12,"column":70},"end":{"line":12,"column":null}},"line":12},"6":{"name":"loadDataset","decl":{"start":{"line":39,"column":22},"end":{"line":39,"column":34}},"loc":{"start":{"line":39,"column":63},"end":{"line":45,"column":null}},"line":39},"7":{"name":"getDatasetList","decl":{"start":{"line":47,"column":16},"end":{"line":47,"column":44}},"loc":{"start":{"line":47,"column":44},"end":{"line":49,"column":null}},"line":47}},"branchMap":{"0":{"loc":{"start":{"line":41,"column":2},"end":{"line":43,"column":null}},"type":"if","locations":[{"start":{"line":41,"column":2},"end":{"line":43,"column":null}},{"start":{},"end":{}}],"line":41}},"s":{"0":1,"1":1,"2":1,"3":1,"4":1,"5":1,"6":1,"7":1,"8":4,"9":4,"10":1,"11":3,"12":5},"f":{"0":1,"1":1,"2":1,"3":1,"4":1,"5":1,"6":4,"7":5},"b":{"0":[1,3]},"meta":{"lastBranch":1,"lastFunction":8,"lastStatement":13,"seen":{"s:9:56:13:Infinity":0,"f:10:16:10:22":0,"s:10:22:10:Infinity":1,"f:10:74:10:Infinity":1,"s:10:74:10:Infinity":2,"f:11:20:11:26":2,"s:11:26:11:Infinity":3,"f:11:82:11:Infinity":3,"s:11:82:11:Infinity":4,"f:12:14:12:20":4,"s:12:20:12:Infinity":5,"f:12:70:12:Infinity":5,"s:12:70:12:Infinity":6,"s:15:38:37:Infinity":7,"f:39:22:39:34":6,"s:40:17:40:Infinity":8,"b:41:2:43:Infinity:undefined:undefined:undefined:undefined":0,"s:41:2:43:Infinity":9,"s:42:4:42:Infinity":10,"s:44:2:44:Infinity":11,"f:47:16:47:44":7,"s:48:2:48:Infinity":12}}}
}
